<?xml version="1.0" encoding="UTF-8"?>
<testsuites name="CandidateSuite" time="783.487" tests="15" failures="7" errors="0">
   <testsuite name="CandidateSuite" tests="15" failures="7" errors="0" time="783.487" skipped="0" timestamp="2023-07-27 22:30:47" hostname="elost - DESKTOP-VE506JI" id="Test Suites/CandidateSuite">
      <properties>
         <property name="deviceName" value=""/>
         <property name="devicePlatform" value=""/>
         <property name="logFolder" value="E:\\Projects\\JobsTodayKatalonWebAutomation\\Reports\\20230727_223031\\CandidateSuite\\20230727_223032"/>
         <property name="logFiles" value="E:\\Projects\\JobsTodayKatalonWebAutomation\\Reports\\20230727_223031\\CandidateSuite\\20230727_223032\\execution0.log"/>
         <property name="attachments" value="E:\\Projects\\JobsTodayKatalonWebAutomation\\Reports\\20230727_223031\\CandidateSuite\\20230727_223032\\1690490128006.png"/>
         <property name="hostName" value="elost - DESKTOP-VE506JI"/>
         <property name="os" value="Windows 10 64bit"/>
         <property name="katalonVersion" value="8.6.5.208"/>
         <property name="browser" value="Edge Chromium 115"/>
         <property name="hostAddress" value="192.168.1.4"/>
         <property name="sessionId" value="901420c2aa357197e4c957aff0875321"/>
         <property name="seleniumVersion" value="3.141.59"/>
         <property name="proxyInformation" value="ProxyInformation { proxyOption=NO_PROXY, proxyServerType=HTTP, username=, password=********, proxyServerAddress=, proxyServerPort=0, executionList=&quot;&quot;, isApplyToDesiredCapabilities=true }"/>
         <property name="platform" value="Windows 10"/>
      </properties>
      <testcase name="Test Cases/Candidate/ApplyForJobAfterLogin" time="108.242" classname="Test Cases/Candidate/ApplyForJobAfterLogin" status="PASSED">
         <system-out><![CDATA[2023-07-27 22:30:48 - [TEST_CASE][PASSED] - Test Cases/Candidate/ApplyForJobAfterLogin: Test Cases/Candidate/ApplyForJobAfterLogin

2023-07-27 22:30:49 - [TEST_STEP][PASSED] - callTestCase(findTestCase("Test Cases/Candidate/CandidatLoginTC"), [:]): Call Test Case 'Test Cases/Candidate/CandidatLoginTC' successfully

2023-07-27 22:30:49 - [TEST_CASE][PASSED] - Test Cases/Candidate/CandidatLoginTC: Test Cases/Candidate/CandidatLoginTC

2023-07-27 22:30:49 - [TEST_STEP][PASSED] - openBrowser(""): Browser is opened with url: ''

2023-07-27 22:30:50 - [MESSAGE][INFO] - Starting 'Edge Chromium' driver

2023-07-27 22:30:52 - [MESSAGE][INFO] - Action delay is set to 0 milliseconds

2023-07-27 22:30:54 - [MESSAGE][PASSED] - Browser is opened with url: ''

2023-07-27 22:30:54 - [TEST_STEP][PASSED] - navigateToUrl("https://www.jobstoday.world/en/"): Navigate to 'https://www.jobstoday.world/en/' successfully

2023-07-27 22:31:00 - [MESSAGE][PASSED] - Navigate to 'https://www.jobstoday.world/en/' successfully

2023-07-27 22:31:00 - [TEST_STEP][PASSED] - maximizeWindow(): Current window maximized

2023-07-27 22:31:01 - [MESSAGE][PASSED] - Current window maximized

2023-07-27 22:31:01 - [TEST_STEP][PASSED] - click(findTestObject("Object Repository/loginElements/Page_Jobs Search, Search for a Job - Jobsto_ce5d69/button_Accept All Cookies")): Object: 'Object Repository/loginElements/Page_Jobs Search, Search for a Job - Jobsto_ce5d69/button_Accept All Cookies' is clicked on

2023-07-27 22:31:02 - [MESSAGE][PASSED] - Object: 'Object Repository/loginElements/Page_Jobs Search, Search for a Job - Jobsto_ce5d69/button_Accept All Cookies' is clicked on

2023-07-27 22:31:02 - [TEST_STEP][PASSED] - click(findTestObject("Object Repository/loginElements/Page_Jobs Search, Search for a Job - Jobsto_ce5d69/a_Login")): Object: 'Object Repository/loginElements/Page_Jobs Search, Search for a Job - Jobsto_ce5d69/a_Login' is clicked on

2023-07-27 22:31:06 - [MESSAGE][PASSED] - Object: 'Object Repository/loginElements/Page_Jobs Search, Search for a Job - Jobsto_ce5d69/a_Login' is clicked on

2023-07-27 22:31:06 - [TEST_STEP][PASSED] - setText(findTestObject("Object Repository/loginElements/Page_Login to Jobstoday.world - Create Resu_ef8a51/input_Email address_input_email"), "jobseeker@gmail.com"): Text 'jobseeker@gmail.com' is set on object 'Object Repository/loginElements/Page_Login to Jobstoday.world - Create Resu_ef8a51/input_Email address_input_email'

2023-07-27 22:31:08 - [MESSAGE][PASSED] - Text 'jobseeker@gmail.com' is set on object 'Object Repository/loginElements/Page_Login to Jobstoday.world - Create Resu_ef8a51/input_Email address_input_email'

2023-07-27 22:31:08 - [TEST_STEP][PASSED] - setText(findTestObject("Object Repository/loginElements/Page_Login to Jobstoday.world - Create Resu_ef8a51/input_Password_input_password"), "Pass@123"): Text 'Pass@123' is set on object 'Object Repository/loginElements/Page_Login to Jobstoday.world - Create Resu_ef8a51/input_Password_input_password'

2023-07-27 22:31:10 - [MESSAGE][PASSED] - Text 'Pass@123' is set on object 'Object Repository/loginElements/Page_Login to Jobstoday.world - Create Resu_ef8a51/input_Password_input_password'

2023-07-27 22:31:10 - [TEST_STEP][PASSED] - driver = getWebDriver(): null

2023-07-27 22:31:10 - [TEST_STEP][PASSED] - a = new org.openqa.selenium.interactions.Actions(driver): null

2023-07-27 22:31:10 - [TEST_STEP][PASSED] - build().perform(): null

2023-07-27 22:31:10 - [TEST_STEP][PASSED] - build().perform(): null

2023-07-27 22:31:10 - [TEST_STEP][PASSED] - build().perform(): null

2023-07-27 22:31:10 - [TEST_STEP][PASSED] - build().perform(): null

2023-07-27 22:31:11 - [TEST_STEP][PASSED] - build().perform(): null

2023-07-27 22:31:11 - [TEST_STEP][PASSED] - Thread.sleep(2000): null

2023-07-27 22:31:13 - [TEST_STEP][PASSED] - a1 = "0": null

2023-07-27 22:31:13 - [TEST_STEP][PASSED] - a2 = "7": null

2023-07-27 22:31:13 - [TEST_STEP][PASSED] - a3 = "8": null

2023-07-27 22:31:13 - [TEST_STEP][PASSED] - a4 = "9": null

2023-07-27 22:31:13 - [TEST_STEP][PASSED] - build().perform(): null

2023-07-27 22:31:13 - [TEST_STEP][PASSED] - sendKeys(findTestObject("Object Repository/loginElements/Page_Login to Jobstoday.world - Create Resu_ef8a51/button_Login"), String.valueOf(a1 + a2 + a3 + a4)): Keys '216' sent to object: 'Object Repository/loginElements/Page_Login to Jobstoday.world - Create Resu_ef8a51/button_Login'

2023-07-27 22:31:13 - [MESSAGE][PASSED] - Keys '216' sent to object: 'Object Repository/loginElements/Page_Login to Jobstoday.world - Create Resu_ef8a51/button_Login'

2023-07-27 22:31:13 - [TEST_STEP][PASSED] - click(findTestObject("Object Repository/loginElements/Page_Login to Jobstoday.world - Create Resu_ef8a51/button_Login")): Object: 'Object Repository/loginElements/Page_Login to Jobstoday.world - Create Resu_ef8a51/button_Login' is clicked on

2023-07-27 22:31:14 - [MESSAGE][PASSED] - Object: 'Object Repository/loginElements/Page_Login to Jobstoday.world - Create Resu_ef8a51/button_Login' is clicked on

2023-07-27 22:31:14 - [TEST_STEP][PASSED] - Thread.sleep(2000): null

2023-07-27 22:31:16 - [TEST_STEP][PASSED] - verifyMatch(getUrl(), "https://www.jobstoday.world/en/", false): Actual text 'https://www.jobstoday.world/en/' and expected text 'https://www.jobstoday.world/en/' are matched 

2023-07-27 22:31:16 - [MESSAGE][PASSED] - Current window's url is: 'https://www.jobstoday.world/en/'

2023-07-27 22:31:16 - [MESSAGE][PASSED] - Actual text 'https://www.jobstoday.world/en/' and expected text 'https://www.jobstoday.world/en/' are matched 

2023-07-27 22:31:16 - [MESSAGE][PASSED] - Call Test Case 'Test Cases/Candidate/CandidatLoginTC' successfully

2023-07-27 22:31:16 - [TEST_STEP][PASSED] - navigateToUrl("https://www.jobstoday.world/en/job/accounting/test--cairo/c35fad609924fa5a0b6a370392b979d0/"): Navigate to 'https://www.jobstoday.world/en/job/accounting/test--cairo/c35fad609924fa5a0b6a370392b979d0/' successfully

2023-07-27 22:31:40 - [MESSAGE][PASSED] - Navigate to 'https://www.jobstoday.world/en/job/accounting/test--cairo/c35fad609924fa5a0b6a370392b979d0/' successfully

2023-07-27 22:31:40 - [TEST_STEP][PASSED] - maximizeWindow(): Current window maximized

2023-07-27 22:31:40 - [MESSAGE][PASSED] - Current window maximized

2023-07-27 22:31:40 - [TEST_STEP][PASSED] - click(findTestObject("Object Repository/ApplyWithoutLogin/Page_HR Manager - Jobstoday World/a_Apply")): Object: 'Object Repository/ApplyWithoutLogin/Page_HR Manager - Jobstoday World/a_Apply' is clicked on

2023-07-27 22:31:41 - [MESSAGE][PASSED] - Object: 'Object Repository/ApplyWithoutLogin/Page_HR Manager - Jobstoday World/a_Apply' is clicked on

2023-07-27 22:31:41 - [TEST_STEP][PASSED] - setText(findTestObject("Object Repository/ApplyWithoutLogin/Page_HR Manager - Jobstoday World/input_First name_input_first_name"), "Ahmed"): Text 'Ahmed' is set on object 'Object Repository/ApplyWithoutLogin/Page_HR Manager - Jobstoday World/input_First name_input_first_name'

2023-07-27 22:31:43 - [MESSAGE][PASSED] - Text 'Ahmed' is set on object 'Object Repository/ApplyWithoutLogin/Page_HR Manager - Jobstoday World/input_First name_input_first_name'

2023-07-27 22:31:43 - [TEST_STEP][PASSED] - setText(findTestObject("Object Repository/ApplyWithoutLogin/Page_HR Manager - Jobstoday World/input_Last name_input_last_name"), "Test"): Text 'Test' is set on object 'Object Repository/ApplyWithoutLogin/Page_HR Manager - Jobstoday World/input_Last name_input_last_name'

2023-07-27 22:31:44 - [MESSAGE][PASSED] - Text 'Test' is set on object 'Object Repository/ApplyWithoutLogin/Page_HR Manager - Jobstoday World/input_Last name_input_last_name'

2023-07-27 22:31:44 - [TEST_STEP][PASSED] - setText(findTestObject("Object Repository/ApplyWithoutLogin/Page_HR Manager - Jobstoday World/input_Phone number_input_phone_number"), "+201140560426"): Text '+201140560426' is set on object 'Object Repository/ApplyWithoutLogin/Page_HR Manager - Jobstoday World/input_Phone number_input_phone_number'

2023-07-27 22:31:45 - [MESSAGE][PASSED] - Text '+201140560426' is set on object 'Object Repository/ApplyWithoutLogin/Page_HR Manager - Jobstoday World/input_Phone number_input_phone_number'

2023-07-27 22:31:45 - [TEST_STEP][PASSED] - setText(findTestObject("Object Repository/ApplyWithoutLogin/Page_HR Manager - Jobstoday World/input_Email address_input_email"), "testaaawy@yahoo.com"): Text 'testaaawy@yahoo.com' is set on object 'Object Repository/ApplyWithoutLogin/Page_HR Manager - Jobstoday World/input_Email address_input_email'

2023-07-27 22:31:46 - [MESSAGE][PASSED] - Text 'testaaawy@yahoo.com' is set on object 'Object Repository/ApplyWithoutLogin/Page_HR Manager - Jobstoday World/input_Email address_input_email'

2023-07-27 22:31:46 - [TEST_STEP][PASSED] - setText(findTestObject("Object Repository/ApplyWithoutLogin/Page_HR Manager - Jobstoday World/textarea_Cover letter  Brief description ab_6b68b0"), "Test"): Text 'Test' is set on object 'Object Repository/ApplyWithoutLogin/Page_HR Manager - Jobstoday World/textarea_Cover letter  Brief description ab_6b68b0'

2023-07-27 22:31:47 - [MESSAGE][PASSED] - Text 'Test' is set on object 'Object Repository/ApplyWithoutLogin/Page_HR Manager - Jobstoday World/textarea_Cover letter  Brief description ab_6b68b0'

2023-07-27 22:31:47 - [TEST_STEP][PASSED] - click(findTestObject("Object Repository/ApplyWithoutLogin/Page_HR Manager - Jobstoday World/input_No_privacy")): Object: 'Object Repository/ApplyWithoutLogin/Page_HR Manager - Jobstoday World/input_No_privacy' is clicked on

2023-07-27 22:31:47 - [MESSAGE][PASSED] - Object: 'Object Repository/ApplyWithoutLogin/Page_HR Manager - Jobstoday World/input_No_privacy' is clicked on

2023-07-27 22:31:47 - [TEST_STEP][PASSED] - path = "E:\Projects\JobsTodayKatalonWebAutomation\Attachments\CV.png": null

2023-07-27 22:31:47 - [TEST_STEP][PASSED] - click(findTestObject("Object Repository/ApplyWithoutLogin/Page_HR Manager - Jobstoday World/div_Attachments_upload-photos-box")): Object: 'Object Repository/ApplyWithoutLogin/Page_HR Manager - Jobstoday World/div_Attachments_upload-photos-box' is clicked on

2023-07-27 22:31:48 - [MESSAGE][PASSED] - Object: 'Object Repository/ApplyWithoutLogin/Page_HR Manager - Jobstoday World/div_Attachments_upload-photos-box' is clicked on

2023-07-27 22:31:48 - [TEST_STEP][PASSED] - robot = new java.awt.Robot(): null

2023-07-27 22:31:48 - [TEST_STEP][PASSED] - selection = new java.awt.datatransfer.StringSelection(path): null

2023-07-27 22:31:48 - [TEST_STEP][PASSED] - clipboard = getDefaultToolkit().getSystemClipboard(): null

2023-07-27 22:31:48 - [TEST_STEP][PASSED] - clipboard.setContents(selection, null): null

2023-07-27 22:31:48 - [TEST_STEP][PASSED] - robot.keyPress(VK_ENTER): null

2023-07-27 22:31:49 - [TEST_STEP][PASSED] - robot.keyRelease(VK_ENTER): null

2023-07-27 22:31:49 - [TEST_STEP][PASSED] - robot.delay(2000): null

2023-07-27 22:31:51 - [TEST_STEP][PASSED] - robot.keyPress(VK_CONTROL): null

2023-07-27 22:31:51 - [TEST_STEP][PASSED] - robot.keyPress(VK_V): null

2023-07-27 22:31:51 - [TEST_STEP][PASSED] - robot.keyRelease(VK_V): null

2023-07-27 22:31:51 - [TEST_STEP][PASSED] - robot.keyRelease(VK_CONTROL): null

2023-07-27 22:31:51 - [TEST_STEP][PASSED] - robot.delay(2000): null

2023-07-27 22:31:53 - [TEST_STEP][PASSED] - robot.keyPress(VK_ENTER): null

2023-07-27 22:31:53 - [TEST_STEP][PASSED] - robot.keyRelease(VK_ENTER): null

2023-07-27 22:31:53 - [TEST_STEP][PASSED] - driver = getWebDriver(): null

2023-07-27 22:31:53 - [TEST_STEP][PASSED] - a = new org.openqa.selenium.interactions.Actions(driver): null

2023-07-27 22:31:53 - [TEST_STEP][PASSED] - build().perform(): null

2023-07-27 22:31:53 - [TEST_STEP][PASSED] - build().perform(): null

2023-07-27 22:31:53 - [TEST_STEP][PASSED] - build().perform(): null

2023-07-27 22:31:53 - [TEST_STEP][PASSED] - build().perform(): null

2023-07-27 22:31:53 - [TEST_STEP][PASSED] - build().perform(): null

2023-07-27 22:31:53 - [TEST_STEP][PASSED] - a1 = "0": null

2023-07-27 22:31:53 - [TEST_STEP][PASSED] - a2 = "7": null

2023-07-27 22:31:53 - [TEST_STEP][PASSED] - a3 = "8": null

2023-07-27 22:31:53 - [TEST_STEP][PASSED] - a4 = "9": null

2023-07-27 22:31:53 - [TEST_STEP][PASSED] - build().perform(): null

2023-07-27 22:31:53 - [TEST_STEP][PASSED] - sendKeys(findTestObject("Object Repository/ApplyWithoutLogin/Page_HR Manager - Jobstoday World/button_Send Application"), String.valueOf(a1 + a2 + a3 + a4)): Keys '216' sent to object: 'Object Repository/ApplyWithoutLogin/Page_HR Manager - Jobstoday World/button_Send Application'

2023-07-27 22:31:55 - [MESSAGE][PASSED] - Keys '216' sent to object: 'Object Repository/ApplyWithoutLogin/Page_HR Manager - Jobstoday World/button_Send Application'

2023-07-27 22:31:55 - [TEST_STEP][PASSED] - click(findTestObject("Object Repository/ApplyWithoutLogin/Page_HR Manager - Jobstoday World/button_Send Application")): Object: 'Object Repository/ApplyWithoutLogin/Page_HR Manager - Jobstoday World/button_Send Application' is clicked on

2023-07-27 22:31:56 - [MESSAGE][PASSED] - Object: 'Object Repository/ApplyWithoutLogin/Page_HR Manager - Jobstoday World/button_Send Application' is clicked on

2023-07-27 22:31:56 - [TEST_STEP][PASSED] - verifyElementVisible(findTestObject("Object Repository/ApplyWithoutLogin/Page_/img")): Object 'Object Repository/ApplyWithoutLogin/Page_/img' is visible

2023-07-27 22:32:35 - [MESSAGE][PASSED] - Object 'Object Repository/ApplyWithoutLogin/Page_/img' is visible

2023-07-27 22:32:35 - [TEST_STEP][PASSED] - closeBrowser(): Browser is closed

2023-07-27 22:32:36 - [MESSAGE][PASSED] - Browser is closed]]></system-out>
         <system-err><![CDATA[]]></system-err>
      </testcase>
      <testcase name="Test Cases/Candidate/ApplyForJobWithoutLogin" time="92.304" classname="Test Cases/Candidate/ApplyForJobWithoutLogin" status="PASSED">
         <system-out><![CDATA[2023-07-27 22:32:36 - [TEST_CASE][PASSED] - Test Cases/Candidate/ApplyForJobWithoutLogin: Test Cases/Candidate/ApplyForJobWithoutLogin

2023-07-27 22:32:37 - [TEST_STEP][PASSED] - openBrowser(""): Browser is opened with url: ''

2023-07-27 22:32:37 - [MESSAGE][INFO] - Starting 'Edge Chromium' driver

2023-07-27 22:32:39 - [MESSAGE][INFO] - Action delay is set to 0 milliseconds

2023-07-27 22:32:40 - [MESSAGE][PASSED] - Browser is opened with url: ''

2023-07-27 22:32:40 - [TEST_STEP][PASSED] - navigateToUrl("https://www.jobstoday.world/en/job/accounting/test--cairo/c35fad609924fa5a0b6a370392b979d0/"): Navigate to 'https://www.jobstoday.world/en/job/accounting/test--cairo/c35fad609924fa5a0b6a370392b979d0/' successfully

2023-07-27 22:33:08 - [MESSAGE][PASSED] - Navigate to 'https://www.jobstoday.world/en/job/accounting/test--cairo/c35fad609924fa5a0b6a370392b979d0/' successfully

2023-07-27 22:33:08 - [TEST_STEP][PASSED] - maximizeWindow(): Current window maximized

2023-07-27 22:33:09 - [MESSAGE][PASSED] - Current window maximized

2023-07-27 22:33:09 - [TEST_STEP][PASSED] - click(findTestObject("Object Repository/ApplyWithoutLogin/Page_Jobs Search, Search for a Job - Jobsto_ce5d69/button_Accept All Cookies")): Object: 'Object Repository/ApplyWithoutLogin/Page_Jobs Search, Search for a Job - Jobsto_ce5d69/button_Accept All Cookies' is clicked on

2023-07-27 22:33:10 - [MESSAGE][PASSED] - Object: 'Object Repository/ApplyWithoutLogin/Page_Jobs Search, Search for a Job - Jobsto_ce5d69/button_Accept All Cookies' is clicked on

2023-07-27 22:33:10 - [TEST_STEP][PASSED] - click(findTestObject("Object Repository/ApplyWithoutLogin/Page_HR Manager - Jobstoday World/a_Apply")): Object: 'Object Repository/ApplyWithoutLogin/Page_HR Manager - Jobstoday World/a_Apply' is clicked on

2023-07-27 22:33:10 - [MESSAGE][PASSED] - Object: 'Object Repository/ApplyWithoutLogin/Page_HR Manager - Jobstoday World/a_Apply' is clicked on

2023-07-27 22:33:10 - [TEST_STEP][PASSED] - setText(findTestObject("Object Repository/ApplyWithoutLogin/Page_HR Manager - Jobstoday World/input_First name_input_first_name"), "Ahmed"): Text 'Ahmed' is set on object 'Object Repository/ApplyWithoutLogin/Page_HR Manager - Jobstoday World/input_First name_input_first_name'

2023-07-27 22:33:14 - [MESSAGE][PASSED] - Text 'Ahmed' is set on object 'Object Repository/ApplyWithoutLogin/Page_HR Manager - Jobstoday World/input_First name_input_first_name'

2023-07-27 22:33:14 - [TEST_STEP][PASSED] - setText(findTestObject("Object Repository/ApplyWithoutLogin/Page_HR Manager - Jobstoday World/input_Last name_input_last_name"), "Test"): Text 'Test' is set on object 'Object Repository/ApplyWithoutLogin/Page_HR Manager - Jobstoday World/input_Last name_input_last_name'

2023-07-27 22:33:15 - [MESSAGE][PASSED] - Text 'Test' is set on object 'Object Repository/ApplyWithoutLogin/Page_HR Manager - Jobstoday World/input_Last name_input_last_name'

2023-07-27 22:33:15 - [TEST_STEP][PASSED] - setText(findTestObject("Object Repository/ApplyWithoutLogin/Page_HR Manager - Jobstoday World/input_Phone number_input_phone_number"), "+201140560426"): Text '+201140560426' is set on object 'Object Repository/ApplyWithoutLogin/Page_HR Manager - Jobstoday World/input_Phone number_input_phone_number'

2023-07-27 22:33:17 - [MESSAGE][PASSED] - Text '+201140560426' is set on object 'Object Repository/ApplyWithoutLogin/Page_HR Manager - Jobstoday World/input_Phone number_input_phone_number'

2023-07-27 22:33:17 - [TEST_STEP][PASSED] - setText(findTestObject("Object Repository/ApplyWithoutLogin/Page_HR Manager - Jobstoday World/input_Email address_input_email"), "testaaawy@yahoo.com"): Text 'testaaawy@yahoo.com' is set on object 'Object Repository/ApplyWithoutLogin/Page_HR Manager - Jobstoday World/input_Email address_input_email'

2023-07-27 22:33:18 - [MESSAGE][PASSED] - Text 'testaaawy@yahoo.com' is set on object 'Object Repository/ApplyWithoutLogin/Page_HR Manager - Jobstoday World/input_Email address_input_email'

2023-07-27 22:33:18 - [TEST_STEP][PASSED] - setText(findTestObject("Object Repository/ApplyWithoutLogin/Page_HR Manager - Jobstoday World/textarea_Cover letter  Brief description ab_6b68b0"), "Test"): Text 'Test' is set on object 'Object Repository/ApplyWithoutLogin/Page_HR Manager - Jobstoday World/textarea_Cover letter  Brief description ab_6b68b0'

2023-07-27 22:33:19 - [MESSAGE][PASSED] - Text 'Test' is set on object 'Object Repository/ApplyWithoutLogin/Page_HR Manager - Jobstoday World/textarea_Cover letter  Brief description ab_6b68b0'

2023-07-27 22:33:19 - [TEST_STEP][PASSED] - click(findTestObject("Object Repository/ApplyWithoutLogin/Page_HR Manager - Jobstoday World/input_No_privacy")): Object: 'Object Repository/ApplyWithoutLogin/Page_HR Manager - Jobstoday World/input_No_privacy' is clicked on

2023-07-27 22:33:19 - [MESSAGE][PASSED] - Object: 'Object Repository/ApplyWithoutLogin/Page_HR Manager - Jobstoday World/input_No_privacy' is clicked on

2023-07-27 22:33:19 - [TEST_STEP][PASSED] - path = "E:\Projects\JobsTodayKatalonWebAutomation\Attachments\CV.png": null

2023-07-27 22:33:19 - [TEST_STEP][PASSED] - click(findTestObject("Object Repository/ApplyWithoutLogin/Page_HR Manager - Jobstoday World/div_Attachments_upload-photos-box")): Object: 'Object Repository/ApplyWithoutLogin/Page_HR Manager - Jobstoday World/div_Attachments_upload-photos-box' is clicked on

2023-07-27 22:33:20 - [MESSAGE][PASSED] - Object: 'Object Repository/ApplyWithoutLogin/Page_HR Manager - Jobstoday World/div_Attachments_upload-photos-box' is clicked on

2023-07-27 22:33:20 - [TEST_STEP][PASSED] - robot = new java.awt.Robot(): null

2023-07-27 22:33:20 - [TEST_STEP][PASSED] - selection = new java.awt.datatransfer.StringSelection(path): null

2023-07-27 22:33:20 - [TEST_STEP][PASSED] - clipboard = getDefaultToolkit().getSystemClipboard(): null

2023-07-27 22:33:20 - [TEST_STEP][PASSED] - clipboard.setContents(selection, null): null

2023-07-27 22:33:20 - [TEST_STEP][PASSED] - robot.keyPress(VK_ENTER): null

2023-07-27 22:33:20 - [TEST_STEP][PASSED] - robot.keyRelease(VK_ENTER): null

2023-07-27 22:33:20 - [TEST_STEP][PASSED] - robot.delay(2000): null

2023-07-27 22:33:22 - [TEST_STEP][PASSED] - robot.keyPress(VK_CONTROL): null

2023-07-27 22:33:22 - [TEST_STEP][PASSED] - robot.keyPress(VK_V): null

2023-07-27 22:33:22 - [TEST_STEP][PASSED] - robot.keyRelease(VK_V): null

2023-07-27 22:33:22 - [TEST_STEP][PASSED] - robot.keyRelease(VK_CONTROL): null

2023-07-27 22:33:22 - [TEST_STEP][PASSED] - robot.delay(2000): null

2023-07-27 22:33:24 - [TEST_STEP][PASSED] - robot.keyPress(VK_ENTER): null

2023-07-27 22:33:24 - [TEST_STEP][PASSED] - robot.keyRelease(VK_ENTER): null

2023-07-27 22:33:24 - [TEST_STEP][PASSED] - driver = getWebDriver(): null

2023-07-27 22:33:24 - [TEST_STEP][PASSED] - a = new org.openqa.selenium.interactions.Actions(driver): null

2023-07-27 22:33:24 - [TEST_STEP][PASSED] - build().perform(): null

2023-07-27 22:33:24 - [TEST_STEP][PASSED] - build().perform(): null

2023-07-27 22:33:24 - [TEST_STEP][PASSED] - build().perform(): null

2023-07-27 22:33:24 - [TEST_STEP][PASSED] - build().perform(): null

2023-07-27 22:33:24 - [TEST_STEP][PASSED] - build().perform(): null

2023-07-27 22:33:24 - [TEST_STEP][PASSED] - a1 = "0": null

2023-07-27 22:33:24 - [TEST_STEP][PASSED] - a2 = "7": null

2023-07-27 22:33:24 - [TEST_STEP][PASSED] - a3 = "8": null

2023-07-27 22:33:24 - [TEST_STEP][PASSED] - a4 = "9": null

2023-07-27 22:33:24 - [TEST_STEP][PASSED] - build().perform(): null

2023-07-27 22:33:24 - [TEST_STEP][PASSED] - sendKeys(findTestObject("Object Repository/ApplyWithoutLogin/Page_HR Manager - Jobstoday World/button_Send Application"), String.valueOf(a1 + a2 + a3 + a4)): Keys '216' sent to object: 'Object Repository/ApplyWithoutLogin/Page_HR Manager - Jobstoday World/button_Send Application'

2023-07-27 22:33:32 - [MESSAGE][PASSED] - Keys '216' sent to object: 'Object Repository/ApplyWithoutLogin/Page_HR Manager - Jobstoday World/button_Send Application'

2023-07-27 22:33:32 - [TEST_STEP][PASSED] - click(findTestObject("Object Repository/ApplyWithoutLogin/Page_HR Manager - Jobstoday World/button_Send Application")): Object: 'Object Repository/ApplyWithoutLogin/Page_HR Manager - Jobstoday World/button_Send Application' is clicked on

2023-07-27 22:33:32 - [MESSAGE][PASSED] - Object: 'Object Repository/ApplyWithoutLogin/Page_HR Manager - Jobstoday World/button_Send Application' is clicked on

2023-07-27 22:33:32 - [TEST_STEP][PASSED] - verifyElementVisible(findTestObject("Object Repository/ApplyWithoutLogin/Page_/img")): Object 'Object Repository/ApplyWithoutLogin/Page_/img' is visible

2023-07-27 22:34:07 - [MESSAGE][PASSED] - Object 'Object Repository/ApplyWithoutLogin/Page_/img' is visible

2023-07-27 22:34:07 - [TEST_STEP][PASSED] - closeBrowser(): Browser is closed

2023-07-27 22:34:08 - [MESSAGE][PASSED] - Browser is closed]]></system-out>
         <system-err><![CDATA[]]></system-err>
      </testcase>
      <testcase name="Test Cases/Candidate/CanCreateResume" time="79.717" classname="Test Cases/Candidate/CanCreateResume" status="FAILED">
         <failure type="FAILED" message="Test Cases/Candidate/CanCreateResume FAILED.
Reason:
com.kms.katalon.core.exception.StepFailedException: Unable to click on object 'Object Repository/CreateResume/Page_/button_Create'
	at com.kms.katalon.core.webui.keyword.internal.WebUIKeywordMain.stepFailed(WebUIKeywordMain.groovy:64)
	at com.kms.katalon.core.webui.keyword.internal.WebUIKeywordMain.runKeyword(WebUIKeywordMain.groovy:26)
	at com.kms.katalon.core.webui.keyword.builtin.ClickKeyword.click(ClickKeyword.groovy:74)
	at com.kms.katalon.core.webui.keyword.builtin.ClickKeyword.execute(ClickKeyword.groovy:40)
	at com.kms.katalon.core.keyword.internal.KeywordExecutor.executeKeywordForPlatform(KeywordExecutor.groovy:74)
	at com.kms.katalon.core.webui.keyword.WebUiBuiltInKeywords.click(WebUiBuiltInKeywords.groovy:620)
	at com.kms.katalon.core.webui.keyword.WebUiBuiltInKeywords$click$2.call(Unknown Source)
	at CanCreateResume.run(CanCreateResume:36)
	at com.kms.katalon.core.main.ScriptEngine.run(ScriptEngine.java:194)
	at com.kms.katalon.core.main.ScriptEngine.runScriptAsRawText(ScriptEngine.java:119)
	at com.kms.katalon.core.main.TestCaseExecutor.runScript(TestCaseExecutor.java:448)
	at com.kms.katalon.core.main.TestCaseExecutor.doExecute(TestCaseExecutor.java:439)
	at com.kms.katalon.core.main.TestCaseExecutor.processExecutionPhase(TestCaseExecutor.java:418)
	at com.kms.katalon.core.main.TestCaseExecutor.accessMainPhase(TestCaseExecutor.java:410)
	at com.kms.katalon.core.main.TestCaseExecutor.execute(TestCaseExecutor.java:285)
	at com.kms.katalon.core.common.CommonExecutor.accessTestCaseMainPhase(CommonExecutor.java:65)
	at com.kms.katalon.core.main.TestSuiteExecutor.accessTestSuiteMainPhase(TestSuiteExecutor.java:148)
	at com.kms.katalon.core.main.TestSuiteExecutor.execute(TestSuiteExecutor.java:106)
	at com.kms.katalon.core.main.TestCaseMain.startTestSuite(TestCaseMain.java:187)
	at com.kms.katalon.core.main.TestCaseMain$startTestSuite$0.call(Unknown Source)
	at TempTestSuite1690489832736.run(TempTestSuite1690489832736.groovy:36)
Caused by: com.kms.katalon.core.webui.exception.WebElementNotFoundException: Web element with id: 'Object Repository/CreateResume/Page_/button_Create' located by '//*[@id=&quot;page_content&quot;]/section/div/div[2]/div/div/div[2]/div/div/div/button' not found
	at com.kms.katalon.core.webui.common.WebUiCommonHelper.findWebElement(WebUiCommonHelper.java:1381)
	at com.kms.katalon.core.webui.keyword.internal.WebUIAbstractKeyword.findWebElement(WebUIAbstractKeyword.groovy:27)
	at com.kms.katalon.core.webui.keyword.builtin.ClickKeyword$_click_closure1.doCall(ClickKeyword.groovy:65)
	at com.kms.katalon.core.webui.keyword.builtin.ClickKeyword$_click_closure1.call(ClickKeyword.groovy)
	at com.kms.katalon.core.webui.keyword.internal.WebUIKeywordMain.runKeyword(WebUIKeywordMain.groovy:20)
	... 19 more
"/>
         <system-out><![CDATA[2023-07-27 22:34:08 - [TEST_CASE][FAILED] - Test Cases/Candidate/CanCreateResume: Test Cases/Candidate/CanCreateResume FAILED.
Reason:
com.kms.katalon.core.exception.StepFailedException: Unable to click on object 'Object Repository/CreateResume/Page_/button_Create'
	at com.kms.katalon.core.webui.keyword.internal.WebUIKeywordMain.stepFailed(WebUIKeywordMain.groovy:64)
	at com.kms.katalon.core.webui.keyword.internal.WebUIKeywordMain.runKeyword(WebUIKeywordMain.groovy:26)
	at com.kms.katalon.core.webui.keyword.builtin.ClickKeyword.click(ClickKeyword.groovy:74)
	at com.kms.katalon.core.webui.keyword.builtin.ClickKeyword.execute(ClickKeyword.groovy:40)
	at com.kms.katalon.core.keyword.internal.KeywordExecutor.executeKeywordForPlatform(KeywordExecutor.groovy:74)
	at com.kms.katalon.core.webui.keyword.WebUiBuiltInKeywords.click(WebUiBuiltInKeywords.groovy:620)
	at com.kms.katalon.core.webui.keyword.WebUiBuiltInKeywords$click$2.call(Unknown Source)
	at CanCreateResume.run(CanCreateResume:36)
	at com.kms.katalon.core.main.ScriptEngine.run(ScriptEngine.java:194)
	at com.kms.katalon.core.main.ScriptEngine.runScriptAsRawText(ScriptEngine.java:119)
	at com.kms.katalon.core.main.TestCaseExecutor.runScript(TestCaseExecutor.java:448)
	at com.kms.katalon.core.main.TestCaseExecutor.doExecute(TestCaseExecutor.java:439)
	at com.kms.katalon.core.main.TestCaseExecutor.processExecutionPhase(TestCaseExecutor.java:418)
	at com.kms.katalon.core.main.TestCaseExecutor.accessMainPhase(TestCaseExecutor.java:410)
	at com.kms.katalon.core.main.TestCaseExecutor.execute(TestCaseExecutor.java:285)
	at com.kms.katalon.core.common.CommonExecutor.accessTestCaseMainPhase(CommonExecutor.java:65)
	at com.kms.katalon.core.main.TestSuiteExecutor.accessTestSuiteMainPhase(TestSuiteExecutor.java:148)
	at com.kms.katalon.core.main.TestSuiteExecutor.execute(TestSuiteExecutor.java:106)
	at com.kms.katalon.core.main.TestCaseMain.startTestSuite(TestCaseMain.java:187)
	at com.kms.katalon.core.main.TestCaseMain$startTestSuite$0.call(Unknown Source)
	at TempTestSuite1690489832736.run(TempTestSuite1690489832736.groovy:36)
Caused by: com.kms.katalon.core.webui.exception.WebElementNotFoundException: Web element with id: 'Object Repository/CreateResume/Page_/button_Create' located by '//*[@id="page_content"]/section/div/div[2]/div/div/div[2]/div/div/div/button' not found
	at com.kms.katalon.core.webui.common.WebUiCommonHelper.findWebElement(WebUiCommonHelper.java:1381)
	at com.kms.katalon.core.webui.keyword.internal.WebUIAbstractKeyword.findWebElement(WebUIAbstractKeyword.groovy:27)
	at com.kms.katalon.core.webui.keyword.builtin.ClickKeyword$_click_closure1.doCall(ClickKeyword.groovy:65)
	at com.kms.katalon.core.webui.keyword.builtin.ClickKeyword$_click_closure1.call(ClickKeyword.groovy)
	at com.kms.katalon.core.webui.keyword.internal.WebUIKeywordMain.runKeyword(WebUIKeywordMain.groovy:20)
	... 19 more


2023-07-27 22:34:09 - [TEST_STEP][PASSED] - callTestCase(findTestCase("Test Cases/Candidate/CandidatLoginTC"), [:]): Call Test Case 'Test Cases/Candidate/CandidatLoginTC' successfully

2023-07-27 22:34:09 - [TEST_CASE][PASSED] - Test Cases/Candidate/CandidatLoginTC: Test Cases/Candidate/CandidatLoginTC

2023-07-27 22:34:09 - [TEST_STEP][PASSED] - openBrowser(""): Browser is opened with url: ''

2023-07-27 22:34:09 - [MESSAGE][INFO] - Starting 'Edge Chromium' driver

2023-07-27 22:34:11 - [MESSAGE][INFO] - Action delay is set to 0 milliseconds

2023-07-27 22:34:12 - [MESSAGE][PASSED] - Browser is opened with url: ''

2023-07-27 22:34:12 - [TEST_STEP][PASSED] - navigateToUrl("https://www.jobstoday.world/en/"): Navigate to 'https://www.jobstoday.world/en/' successfully

2023-07-27 22:34:36 - [MESSAGE][PASSED] - Navigate to 'https://www.jobstoday.world/en/' successfully

2023-07-27 22:34:36 - [TEST_STEP][PASSED] - maximizeWindow(): Current window maximized

2023-07-27 22:34:37 - [MESSAGE][PASSED] - Current window maximized

2023-07-27 22:34:37 - [TEST_STEP][PASSED] - click(findTestObject("Object Repository/loginElements/Page_Jobs Search, Search for a Job - Jobsto_ce5d69/button_Accept All Cookies")): Object: 'Object Repository/loginElements/Page_Jobs Search, Search for a Job - Jobsto_ce5d69/button_Accept All Cookies' is clicked on

2023-07-27 22:34:38 - [MESSAGE][PASSED] - Object: 'Object Repository/loginElements/Page_Jobs Search, Search for a Job - Jobsto_ce5d69/button_Accept All Cookies' is clicked on

2023-07-27 22:34:38 - [TEST_STEP][PASSED] - click(findTestObject("Object Repository/loginElements/Page_Jobs Search, Search for a Job - Jobsto_ce5d69/a_Login")): Object: 'Object Repository/loginElements/Page_Jobs Search, Search for a Job - Jobsto_ce5d69/a_Login' is clicked on

2023-07-27 22:34:41 - [MESSAGE][PASSED] - Object: 'Object Repository/loginElements/Page_Jobs Search, Search for a Job - Jobsto_ce5d69/a_Login' is clicked on

2023-07-27 22:34:41 - [TEST_STEP][PASSED] - setText(findTestObject("Object Repository/loginElements/Page_Login to Jobstoday.world - Create Resu_ef8a51/input_Email address_input_email"), "jobseeker@gmail.com"): Text 'jobseeker@gmail.com' is set on object 'Object Repository/loginElements/Page_Login to Jobstoday.world - Create Resu_ef8a51/input_Email address_input_email'

2023-07-27 22:34:43 - [MESSAGE][PASSED] - Text 'jobseeker@gmail.com' is set on object 'Object Repository/loginElements/Page_Login to Jobstoday.world - Create Resu_ef8a51/input_Email address_input_email'

2023-07-27 22:34:43 - [TEST_STEP][PASSED] - setText(findTestObject("Object Repository/loginElements/Page_Login to Jobstoday.world - Create Resu_ef8a51/input_Password_input_password"), "Pass@123"): Text 'Pass@123' is set on object 'Object Repository/loginElements/Page_Login to Jobstoday.world - Create Resu_ef8a51/input_Password_input_password'

2023-07-27 22:34:46 - [MESSAGE][PASSED] - Text 'Pass@123' is set on object 'Object Repository/loginElements/Page_Login to Jobstoday.world - Create Resu_ef8a51/input_Password_input_password'

2023-07-27 22:34:46 - [TEST_STEP][PASSED] - driver = getWebDriver(): null

2023-07-27 22:34:46 - [TEST_STEP][PASSED] - a = new org.openqa.selenium.interactions.Actions(driver): null

2023-07-27 22:34:46 - [TEST_STEP][PASSED] - build().perform(): null

2023-07-27 22:34:46 - [TEST_STEP][PASSED] - build().perform(): null

2023-07-27 22:34:46 - [TEST_STEP][PASSED] - build().perform(): null

2023-07-27 22:34:46 - [TEST_STEP][PASSED] - build().perform(): null

2023-07-27 22:34:46 - [TEST_STEP][PASSED] - build().perform(): null

2023-07-27 22:34:46 - [TEST_STEP][PASSED] - Thread.sleep(2000): null

2023-07-27 22:34:48 - [TEST_STEP][PASSED] - a1 = "0": null

2023-07-27 22:34:48 - [TEST_STEP][PASSED] - a2 = "7": null

2023-07-27 22:34:48 - [TEST_STEP][PASSED] - a3 = "8": null

2023-07-27 22:34:48 - [TEST_STEP][PASSED] - a4 = "9": null

2023-07-27 22:34:48 - [TEST_STEP][PASSED] - build().perform(): null

2023-07-27 22:34:48 - [TEST_STEP][PASSED] - sendKeys(findTestObject("Object Repository/loginElements/Page_Login to Jobstoday.world - Create Resu_ef8a51/button_Login"), String.valueOf(a1 + a2 + a3 + a4)): Keys '216' sent to object: 'Object Repository/loginElements/Page_Login to Jobstoday.world - Create Resu_ef8a51/button_Login'

2023-07-27 22:34:49 - [MESSAGE][PASSED] - Keys '216' sent to object: 'Object Repository/loginElements/Page_Login to Jobstoday.world - Create Resu_ef8a51/button_Login'

2023-07-27 22:34:49 - [TEST_STEP][PASSED] - click(findTestObject("Object Repository/loginElements/Page_Login to Jobstoday.world - Create Resu_ef8a51/button_Login")): Object: 'Object Repository/loginElements/Page_Login to Jobstoday.world - Create Resu_ef8a51/button_Login' is clicked on

2023-07-27 22:34:49 - [MESSAGE][PASSED] - Object: 'Object Repository/loginElements/Page_Login to Jobstoday.world - Create Resu_ef8a51/button_Login' is clicked on

2023-07-27 22:34:49 - [TEST_STEP][PASSED] - Thread.sleep(2000): null

2023-07-27 22:34:51 - [TEST_STEP][PASSED] - verifyMatch(getUrl(), "https://www.jobstoday.world/en/", false): Actual text 'https://www.jobstoday.world/en/' and expected text 'https://www.jobstoday.world/en/' are matched 

2023-07-27 22:34:52 - [MESSAGE][PASSED] - Current window's url is: 'https://www.jobstoday.world/en/'

2023-07-27 22:34:52 - [MESSAGE][PASSED] - Actual text 'https://www.jobstoday.world/en/' and expected text 'https://www.jobstoday.world/en/' are matched 

2023-07-27 22:34:52 - [MESSAGE][PASSED] - Call Test Case 'Test Cases/Candidate/CandidatLoginTC' successfully

2023-07-27 22:34:52 - [TEST_STEP][PASSED] - click(findTestObject("Object Repository/CreateResume/Page_Jobs Search, Search for a Job - Jobsto_ce5d69/a_Upload Resume")): Object: 'Object Repository/CreateResume/Page_Jobs Search, Search for a Job - Jobsto_ce5d69/a_Upload Resume' is clicked on

2023-07-27 22:34:56 - [MESSAGE][PASSED] - Object: 'Object Repository/CreateResume/Page_Jobs Search, Search for a Job - Jobsto_ce5d69/a_Upload Resume' is clicked on

2023-07-27 22:34:56 - [TEST_STEP][FAILED] - click(findTestObject("Object Repository/CreateResume/Page_/button_Create")): Unable to click on object 'Object Repository/CreateResume/Page_/button_Create' (Root cause: com.kms.katalon.core.exception.StepFailedException: Unable to click on object 'Object Repository/CreateResume/Page_/button_Create'
	at com.kms.katalon.core.webui.keyword.internal.WebUIKeywordMain.stepFailed(WebUIKeywordMain.groovy:64)
	at com.kms.katalon.core.webui.keyword.internal.WebUIKeywordMain.runKeyword(WebUIKeywordMain.groovy:26)
	at com.kms.katalon.core.webui.keyword.builtin.ClickKeyword.click(ClickKeyword.groovy:74)
	at com.kms.katalon.core.webui.keyword.builtin.ClickKeyword.execute(ClickKeyword.groovy:40)
	at com.kms.katalon.core.keyword.internal.KeywordExecutor.executeKeywordForPlatform(KeywordExecutor.groovy:74)
	at com.kms.katalon.core.webui.keyword.WebUiBuiltInKeywords.click(WebUiBuiltInKeywords.groovy:620)
	at com.kms.katalon.core.webui.keyword.WebUiBuiltInKeywords$click$2.call(Unknown Source)
	at CanCreateResume.run(CanCreateResume:36)
	at com.kms.katalon.core.main.ScriptEngine.run(ScriptEngine.java:194)
	at com.kms.katalon.core.main.ScriptEngine.runScriptAsRawText(ScriptEngine.java:119)
	at com.kms.katalon.core.main.TestCaseExecutor.runScript(TestCaseExecutor.java:448)
	at com.kms.katalon.core.main.TestCaseExecutor.doExecute(TestCaseExecutor.java:439)
	at com.kms.katalon.core.main.TestCaseExecutor.processExecutionPhase(TestCaseExecutor.java:418)
	at com.kms.katalon.core.main.TestCaseExecutor.accessMainPhase(TestCaseExecutor.java:410)
	at com.kms.katalon.core.main.TestCaseExecutor.execute(TestCaseExecutor.java:285)
	at com.kms.katalon.core.common.CommonExecutor.accessTestCaseMainPhase(CommonExecutor.java:65)
	at com.kms.katalon.core.main.TestSuiteExecutor.accessTestSuiteMainPhase(TestSuiteExecutor.java:148)
	at com.kms.katalon.core.main.TestSuiteExecutor.execute(TestSuiteExecutor.java:106)
	at com.kms.katalon.core.main.TestCaseMain.startTestSuite(TestCaseMain.java:187)
	at com.kms.katalon.core.main.TestCaseMain$startTestSuite$0.call(Unknown Source)
	at TempTestSuite1690489832736.run(TempTestSuite1690489832736.groovy:36)
Caused by: com.kms.katalon.core.webui.exception.WebElementNotFoundException: Web element with id: 'Object Repository/CreateResume/Page_/button_Create' located by '//*[@id="page_content"]/section/div/div[2]/div/div/div[2]/div/div/div/button' not found
	at com.kms.katalon.core.webui.common.WebUiCommonHelper.findWebElement(WebUiCommonHelper.java:1381)
	at com.kms.katalon.core.webui.keyword.internal.WebUIAbstractKeyword.findWebElement(WebUIAbstractKeyword.groovy:27)
	at com.kms.katalon.core.webui.keyword.builtin.ClickKeyword$_click_closure1.doCall(ClickKeyword.groovy:65)
	at com.kms.katalon.core.webui.keyword.builtin.ClickKeyword$_click_closure1.call(ClickKeyword.groovy)
	at com.kms.katalon.core.webui.keyword.internal.WebUIKeywordMain.runKeyword(WebUIKeywordMain.groovy:20)
	at com.kms.katalon.core.webui.keyword.builtin.ClickKeyword.click(ClickKeyword.groovy:74)
	at com.kms.katalon.core.webui.keyword.builtin.ClickKeyword.execute(ClickKeyword.groovy:40)
	at com.kms.katalon.core.keyword.internal.KeywordExecutor.executeKeywordForPlatform(KeywordExecutor.groovy:74)
	at com.kms.katalon.core.webui.keyword.WebUiBuiltInKeywords.click(WebUiBuiltInKeywords.groovy:620)
	at com.kms.katalon.core.webui.keyword.WebUiBuiltInKeywords$click$2.call(Unknown Source)
	at Script1687614333929.run(Script1687614333929.groovy:36)
	... 13 more
)

2023-07-27 22:35:28 - [MESSAGE][INFO] - Unable to find the element located by 'By.xpath: //*[@id="page_content"]/section/div/div[2]/div/div/div[2]/div/div/div/button'. Please recheck the objects properties to make sure the desired element is located. 

2023-07-27 22:35:28 - [MESSAGE][FAILED] - Unable to click on object 'Object Repository/CreateResume/Page_/button_Create' (Root cause: com.kms.katalon.core.exception.StepFailedException: Unable to click on object 'Object Repository/CreateResume/Page_/button_Create'
	at com.kms.katalon.core.webui.keyword.internal.WebUIKeywordMain.stepFailed(WebUIKeywordMain.groovy:64)
	at com.kms.katalon.core.webui.keyword.internal.WebUIKeywordMain.runKeyword(WebUIKeywordMain.groovy:26)
	at com.kms.katalon.core.webui.keyword.builtin.ClickKeyword.click(ClickKeyword.groovy:74)
	at com.kms.katalon.core.webui.keyword.builtin.ClickKeyword.execute(ClickKeyword.groovy:40)
	at com.kms.katalon.core.keyword.internal.KeywordExecutor.executeKeywordForPlatform(KeywordExecutor.groovy:74)
	at com.kms.katalon.core.webui.keyword.WebUiBuiltInKeywords.click(WebUiBuiltInKeywords.groovy:620)
	at com.kms.katalon.core.webui.keyword.WebUiBuiltInKeywords$click$2.call(Unknown Source)
	at CanCreateResume.run(CanCreateResume:36)
	at com.kms.katalon.core.main.ScriptEngine.run(ScriptEngine.java:194)
	at com.kms.katalon.core.main.ScriptEngine.runScriptAsRawText(ScriptEngine.java:119)
	at com.kms.katalon.core.main.TestCaseExecutor.runScript(TestCaseExecutor.java:448)
	at com.kms.katalon.core.main.TestCaseExecutor.doExecute(TestCaseExecutor.java:439)
	at com.kms.katalon.core.main.TestCaseExecutor.processExecutionPhase(TestCaseExecutor.java:418)
	at com.kms.katalon.core.main.TestCaseExecutor.accessMainPhase(TestCaseExecutor.java:410)
	at com.kms.katalon.core.main.TestCaseExecutor.execute(TestCaseExecutor.java:285)
	at com.kms.katalon.core.common.CommonExecutor.accessTestCaseMainPhase(CommonExecutor.java:65)
	at com.kms.katalon.core.main.TestSuiteExecutor.accessTestSuiteMainPhase(TestSuiteExecutor.java:148)
	at com.kms.katalon.core.main.TestSuiteExecutor.execute(TestSuiteExecutor.java:106)
	at com.kms.katalon.core.main.TestCaseMain.startTestSuite(TestCaseMain.java:187)
	at com.kms.katalon.core.main.TestCaseMain$startTestSuite$0.call(Unknown Source)
	at TempTestSuite1690489832736.run(TempTestSuite1690489832736.groovy:36)
Caused by: com.kms.katalon.core.webui.exception.WebElementNotFoundException: Web element with id: 'Object Repository/CreateResume/Page_/button_Create' located by '//*[@id="page_content"]/section/div/div[2]/div/div/div[2]/div/div/div/button' not found
	at com.kms.katalon.core.webui.common.WebUiCommonHelper.findWebElement(WebUiCommonHelper.java:1381)
	at com.kms.katalon.core.webui.keyword.internal.WebUIAbstractKeyword.findWebElement(WebUIAbstractKeyword.groovy:27)
	at com.kms.katalon.core.webui.keyword.builtin.ClickKeyword$_click_closure1.doCall(ClickKeyword.groovy:65)
	at com.kms.katalon.core.webui.keyword.builtin.ClickKeyword$_click_closure1.call(ClickKeyword.groovy)
	at com.kms.katalon.core.webui.keyword.internal.WebUIKeywordMain.runKeyword(WebUIKeywordMain.groovy:20)
	at com.kms.katalon.core.webui.keyword.builtin.ClickKeyword.click(ClickKeyword.groovy:74)
	at com.kms.katalon.core.webui.keyword.builtin.ClickKeyword.execute(ClickKeyword.groovy:40)
	at com.kms.katalon.core.keyword.internal.KeywordExecutor.executeKeywordForPlatform(KeywordExecutor.groovy:74)
	at com.kms.katalon.core.webui.keyword.WebUiBuiltInKeywords.click(WebUiBuiltInKeywords.groovy:620)
	at com.kms.katalon.core.webui.keyword.WebUiBuiltInKeywords$click$2.call(Unknown Source)
	at Script1687614333929.run(Script1687614333929.groovy:36)
	... 13 more
)
[[ATTACHMENT|E:\\Projects\\JobsTodayKatalonWebAutomation\\Reports\\20230727_223031\\CandidateSuite\\20230727_223032\\1690490128006.png]]]]></system-out>
         <system-err><![CDATA[2023-07-27 22:34:08 - [TEST_CASE][FAILED] - Test Cases/Candidate/CanCreateResume: Test Cases/Candidate/CanCreateResume FAILED.
Reason:
com.kms.katalon.core.exception.StepFailedException: Unable to click on object 'Object Repository/CreateResume/Page_/button_Create'
	at com.kms.katalon.core.webui.keyword.internal.WebUIKeywordMain.stepFailed(WebUIKeywordMain.groovy:64)
	at com.kms.katalon.core.webui.keyword.internal.WebUIKeywordMain.runKeyword(WebUIKeywordMain.groovy:26)
	at com.kms.katalon.core.webui.keyword.builtin.ClickKeyword.click(ClickKeyword.groovy:74)
	at com.kms.katalon.core.webui.keyword.builtin.ClickKeyword.execute(ClickKeyword.groovy:40)
	at com.kms.katalon.core.keyword.internal.KeywordExecutor.executeKeywordForPlatform(KeywordExecutor.groovy:74)
	at com.kms.katalon.core.webui.keyword.WebUiBuiltInKeywords.click(WebUiBuiltInKeywords.groovy:620)
	at com.kms.katalon.core.webui.keyword.WebUiBuiltInKeywords$click$2.call(Unknown Source)
	at CanCreateResume.run(CanCreateResume:36)
	at com.kms.katalon.core.main.ScriptEngine.run(ScriptEngine.java:194)
	at com.kms.katalon.core.main.ScriptEngine.runScriptAsRawText(ScriptEngine.java:119)
	at com.kms.katalon.core.main.TestCaseExecutor.runScript(TestCaseExecutor.java:448)
	at com.kms.katalon.core.main.TestCaseExecutor.doExecute(TestCaseExecutor.java:439)
	at com.kms.katalon.core.main.TestCaseExecutor.processExecutionPhase(TestCaseExecutor.java:418)
	at com.kms.katalon.core.main.TestCaseExecutor.accessMainPhase(TestCaseExecutor.java:410)
	at com.kms.katalon.core.main.TestCaseExecutor.execute(TestCaseExecutor.java:285)
	at com.kms.katalon.core.common.CommonExecutor.accessTestCaseMainPhase(CommonExecutor.java:65)
	at com.kms.katalon.core.main.TestSuiteExecutor.accessTestSuiteMainPhase(TestSuiteExecutor.java:148)
	at com.kms.katalon.core.main.TestSuiteExecutor.execute(TestSuiteExecutor.java:106)
	at com.kms.katalon.core.main.TestCaseMain.startTestSuite(TestCaseMain.java:187)
	at com.kms.katalon.core.main.TestCaseMain$startTestSuite$0.call(Unknown Source)
	at TempTestSuite1690489832736.run(TempTestSuite1690489832736.groovy:36)
Caused by: com.kms.katalon.core.webui.exception.WebElementNotFoundException: Web element with id: 'Object Repository/CreateResume/Page_/button_Create' located by '//*[@id="page_content"]/section/div/div[2]/div/div/div[2]/div/div/div/button' not found
	at com.kms.katalon.core.webui.common.WebUiCommonHelper.findWebElement(WebUiCommonHelper.java:1381)
	at com.kms.katalon.core.webui.keyword.internal.WebUIAbstractKeyword.findWebElement(WebUIAbstractKeyword.groovy:27)
	at com.kms.katalon.core.webui.keyword.builtin.ClickKeyword$_click_closure1.doCall(ClickKeyword.groovy:65)
	at com.kms.katalon.core.webui.keyword.builtin.ClickKeyword$_click_closure1.call(ClickKeyword.groovy)
	at com.kms.katalon.core.webui.keyword.internal.WebUIKeywordMain.runKeyword(WebUIKeywordMain.groovy:20)
	... 19 more]]></system-err>
      </testcase>
      <testcase name="Test Cases/Candidate/CandidatLoginTC" time="44.499" classname="Test Cases/Candidate/CandidatLoginTC" status="PASSED">
         <system-out><![CDATA[2023-07-27 22:35:28 - [TEST_CASE][PASSED] - Test Cases/Candidate/CandidatLoginTC: Test Cases/Candidate/CandidatLoginTC

2023-07-27 22:35:28 - [TEST_STEP][PASSED] - openBrowser(""): Browser is opened with url: ''

2023-07-27 22:35:28 - [MESSAGE][WARNING] - A browser is already opened. Closing browser and opening a new one

2023-07-27 22:35:29 - [MESSAGE][INFO] - Starting 'Edge Chromium' driver

2023-07-27 22:35:31 - [MESSAGE][INFO] - Action delay is set to 0 milliseconds

2023-07-27 22:35:32 - [MESSAGE][PASSED] - Browser is opened with url: ''

2023-07-27 22:35:32 - [TEST_STEP][PASSED] - navigateToUrl("https://www.jobstoday.world/en/"): Navigate to 'https://www.jobstoday.world/en/' successfully

2023-07-27 22:35:56 - [MESSAGE][PASSED] - Navigate to 'https://www.jobstoday.world/en/' successfully

2023-07-27 22:35:56 - [TEST_STEP][PASSED] - maximizeWindow(): Current window maximized

2023-07-27 22:35:57 - [MESSAGE][PASSED] - Current window maximized

2023-07-27 22:35:57 - [TEST_STEP][PASSED] - click(findTestObject("Object Repository/loginElements/Page_Jobs Search, Search for a Job - Jobsto_ce5d69/button_Accept All Cookies")): Object: 'Object Repository/loginElements/Page_Jobs Search, Search for a Job - Jobsto_ce5d69/button_Accept All Cookies' is clicked on

2023-07-27 22:35:58 - [MESSAGE][PASSED] - Object: 'Object Repository/loginElements/Page_Jobs Search, Search for a Job - Jobsto_ce5d69/button_Accept All Cookies' is clicked on

2023-07-27 22:35:58 - [TEST_STEP][PASSED] - click(findTestObject("Object Repository/loginElements/Page_Jobs Search, Search for a Job - Jobsto_ce5d69/a_Login")): Object: 'Object Repository/loginElements/Page_Jobs Search, Search for a Job - Jobsto_ce5d69/a_Login' is clicked on

2023-07-27 22:36:02 - [MESSAGE][PASSED] - Object: 'Object Repository/loginElements/Page_Jobs Search, Search for a Job - Jobsto_ce5d69/a_Login' is clicked on

2023-07-27 22:36:02 - [TEST_STEP][PASSED] - setText(findTestObject("Object Repository/loginElements/Page_Login to Jobstoday.world - Create Resu_ef8a51/input_Email address_input_email"), "jobseeker@gmail.com"): Text 'jobseeker@gmail.com' is set on object 'Object Repository/loginElements/Page_Login to Jobstoday.world - Create Resu_ef8a51/input_Email address_input_email'

2023-07-27 22:36:04 - [MESSAGE][PASSED] - Text 'jobseeker@gmail.com' is set on object 'Object Repository/loginElements/Page_Login to Jobstoday.world - Create Resu_ef8a51/input_Email address_input_email'

2023-07-27 22:36:04 - [TEST_STEP][PASSED] - setText(findTestObject("Object Repository/loginElements/Page_Login to Jobstoday.world - Create Resu_ef8a51/input_Password_input_password"), "Pass@123"): Text 'Pass@123' is set on object 'Object Repository/loginElements/Page_Login to Jobstoday.world - Create Resu_ef8a51/input_Password_input_password'

2023-07-27 22:36:07 - [MESSAGE][PASSED] - Text 'Pass@123' is set on object 'Object Repository/loginElements/Page_Login to Jobstoday.world - Create Resu_ef8a51/input_Password_input_password'

2023-07-27 22:36:07 - [TEST_STEP][PASSED] - driver = getWebDriver(): null

2023-07-27 22:36:07 - [TEST_STEP][PASSED] - a = new org.openqa.selenium.interactions.Actions(driver): null

2023-07-27 22:36:07 - [TEST_STEP][PASSED] - build().perform(): null

2023-07-27 22:36:07 - [TEST_STEP][PASSED] - build().perform(): null

2023-07-27 22:36:07 - [TEST_STEP][PASSED] - build().perform(): null

2023-07-27 22:36:07 - [TEST_STEP][PASSED] - build().perform(): null

2023-07-27 22:36:07 - [TEST_STEP][PASSED] - build().perform(): null

2023-07-27 22:36:07 - [TEST_STEP][PASSED] - Thread.sleep(2000): null

2023-07-27 22:36:09 - [TEST_STEP][PASSED] - a1 = "0": null

2023-07-27 22:36:09 - [TEST_STEP][PASSED] - a2 = "7": null

2023-07-27 22:36:09 - [TEST_STEP][PASSED] - a3 = "8": null

2023-07-27 22:36:09 - [TEST_STEP][PASSED] - a4 = "9": null

2023-07-27 22:36:09 - [TEST_STEP][PASSED] - build().perform(): null

2023-07-27 22:36:09 - [TEST_STEP][PASSED] - sendKeys(findTestObject("Object Repository/loginElements/Page_Login to Jobstoday.world - Create Resu_ef8a51/button_Login"), String.valueOf(a1 + a2 + a3 + a4)): Keys '216' sent to object: 'Object Repository/loginElements/Page_Login to Jobstoday.world - Create Resu_ef8a51/button_Login'

2023-07-27 22:36:10 - [MESSAGE][PASSED] - Keys '216' sent to object: 'Object Repository/loginElements/Page_Login to Jobstoday.world - Create Resu_ef8a51/button_Login'

2023-07-27 22:36:10 - [TEST_STEP][PASSED] - click(findTestObject("Object Repository/loginElements/Page_Login to Jobstoday.world - Create Resu_ef8a51/button_Login")): Object: 'Object Repository/loginElements/Page_Login to Jobstoday.world - Create Resu_ef8a51/button_Login' is clicked on

2023-07-27 22:36:10 - [MESSAGE][PASSED] - Object: 'Object Repository/loginElements/Page_Login to Jobstoday.world - Create Resu_ef8a51/button_Login' is clicked on

2023-07-27 22:36:10 - [TEST_STEP][PASSED] - Thread.sleep(2000): null

2023-07-27 22:36:12 - [TEST_STEP][PASSED] - verifyMatch(getUrl(), "https://www.jobstoday.world/en/", false): Actual text 'https://www.jobstoday.world/en/' and expected text 'https://www.jobstoday.world/en/' are matched 

2023-07-27 22:36:12 - [MESSAGE][PASSED] - Current window's url is: 'https://www.jobstoday.world/en/'

2023-07-27 22:36:12 - [MESSAGE][PASSED] - Actual text 'https://www.jobstoday.world/en/' and expected text 'https://www.jobstoday.world/en/' are matched]]></system-out>
         <system-err><![CDATA[]]></system-err>
      </testcase>
      <testcase name="Test Cases/Candidate/ChangePasswordFromProfile" time="42.148" classname="Test Cases/Candidate/ChangePasswordFromProfile" status="PASSED">
         <system-out><![CDATA[2023-07-27 22:36:12 - [TEST_CASE][PASSED] - Test Cases/Candidate/ChangePasswordFromProfile: Test Cases/Candidate/ChangePasswordFromProfile

2023-07-27 22:36:13 - [TEST_STEP][PASSED] - callTestCase(findTestCase("Test Cases/Candidate/CandidatLoginTC"), [:]): Call Test Case 'Test Cases/Candidate/CandidatLoginTC' successfully

2023-07-27 22:36:13 - [TEST_CASE][PASSED] - Test Cases/Candidate/CandidatLoginTC: Test Cases/Candidate/CandidatLoginTC

2023-07-27 22:36:14 - [TEST_STEP][PASSED] - openBrowser(""): Browser is opened with url: ''

2023-07-27 22:36:14 - [MESSAGE][WARNING] - A browser is already opened. Closing browser and opening a new one

2023-07-27 22:36:14 - [MESSAGE][INFO] - Starting 'Edge Chromium' driver

2023-07-27 22:36:17 - [MESSAGE][INFO] - Action delay is set to 0 milliseconds

2023-07-27 22:36:18 - [MESSAGE][PASSED] - Browser is opened with url: ''

2023-07-27 22:36:18 - [TEST_STEP][PASSED] - navigateToUrl("https://www.jobstoday.world/en/"): Navigate to 'https://www.jobstoday.world/en/' successfully

2023-07-27 22:36:25 - [MESSAGE][PASSED] - Navigate to 'https://www.jobstoday.world/en/' successfully

2023-07-27 22:36:25 - [TEST_STEP][PASSED] - maximizeWindow(): Current window maximized

2023-07-27 22:36:25 - [MESSAGE][PASSED] - Current window maximized

2023-07-27 22:36:25 - [TEST_STEP][PASSED] - click(findTestObject("Object Repository/loginElements/Page_Jobs Search, Search for a Job - Jobsto_ce5d69/button_Accept All Cookies")): Object: 'Object Repository/loginElements/Page_Jobs Search, Search for a Job - Jobsto_ce5d69/button_Accept All Cookies' is clicked on

2023-07-27 22:36:26 - [MESSAGE][PASSED] - Object: 'Object Repository/loginElements/Page_Jobs Search, Search for a Job - Jobsto_ce5d69/button_Accept All Cookies' is clicked on

2023-07-27 22:36:26 - [TEST_STEP][PASSED] - click(findTestObject("Object Repository/loginElements/Page_Jobs Search, Search for a Job - Jobsto_ce5d69/a_Login")): Object: 'Object Repository/loginElements/Page_Jobs Search, Search for a Job - Jobsto_ce5d69/a_Login' is clicked on

2023-07-27 22:36:30 - [MESSAGE][PASSED] - Object: 'Object Repository/loginElements/Page_Jobs Search, Search for a Job - Jobsto_ce5d69/a_Login' is clicked on

2023-07-27 22:36:30 - [TEST_STEP][PASSED] - setText(findTestObject("Object Repository/loginElements/Page_Login to Jobstoday.world - Create Resu_ef8a51/input_Email address_input_email"), "jobseeker@gmail.com"): Text 'jobseeker@gmail.com' is set on object 'Object Repository/loginElements/Page_Login to Jobstoday.world - Create Resu_ef8a51/input_Email address_input_email'

2023-07-27 22:36:32 - [MESSAGE][PASSED] - Text 'jobseeker@gmail.com' is set on object 'Object Repository/loginElements/Page_Login to Jobstoday.world - Create Resu_ef8a51/input_Email address_input_email'

2023-07-27 22:36:32 - [TEST_STEP][PASSED] - setText(findTestObject("Object Repository/loginElements/Page_Login to Jobstoday.world - Create Resu_ef8a51/input_Password_input_password"), "Pass@123"): Text 'Pass@123' is set on object 'Object Repository/loginElements/Page_Login to Jobstoday.world - Create Resu_ef8a51/input_Password_input_password'

2023-07-27 22:36:35 - [MESSAGE][PASSED] - Text 'Pass@123' is set on object 'Object Repository/loginElements/Page_Login to Jobstoday.world - Create Resu_ef8a51/input_Password_input_password'

2023-07-27 22:36:35 - [TEST_STEP][PASSED] - driver = getWebDriver(): null

2023-07-27 22:36:35 - [TEST_STEP][PASSED] - a = new org.openqa.selenium.interactions.Actions(driver): null

2023-07-27 22:36:35 - [TEST_STEP][PASSED] - build().perform(): null

2023-07-27 22:36:35 - [TEST_STEP][PASSED] - build().perform(): null

2023-07-27 22:36:35 - [TEST_STEP][PASSED] - build().perform(): null

2023-07-27 22:36:35 - [TEST_STEP][PASSED] - build().perform(): null

2023-07-27 22:36:35 - [TEST_STEP][PASSED] - build().perform(): null

2023-07-27 22:36:35 - [TEST_STEP][PASSED] - Thread.sleep(2000): null

2023-07-27 22:36:37 - [TEST_STEP][PASSED] - a1 = "0": null

2023-07-27 22:36:37 - [TEST_STEP][PASSED] - a2 = "7": null

2023-07-27 22:36:37 - [TEST_STEP][PASSED] - a3 = "8": null

2023-07-27 22:36:37 - [TEST_STEP][PASSED] - a4 = "9": null

2023-07-27 22:36:37 - [TEST_STEP][PASSED] - build().perform(): null

2023-07-27 22:36:37 - [TEST_STEP][PASSED] - sendKeys(findTestObject("Object Repository/loginElements/Page_Login to Jobstoday.world - Create Resu_ef8a51/button_Login"), String.valueOf(a1 + a2 + a3 + a4)): Keys '216' sent to object: 'Object Repository/loginElements/Page_Login to Jobstoday.world - Create Resu_ef8a51/button_Login'

2023-07-27 22:36:37 - [MESSAGE][PASSED] - Keys '216' sent to object: 'Object Repository/loginElements/Page_Login to Jobstoday.world - Create Resu_ef8a51/button_Login'

2023-07-27 22:36:37 - [TEST_STEP][PASSED] - click(findTestObject("Object Repository/loginElements/Page_Login to Jobstoday.world - Create Resu_ef8a51/button_Login")): Object: 'Object Repository/loginElements/Page_Login to Jobstoday.world - Create Resu_ef8a51/button_Login' is clicked on

2023-07-27 22:36:38 - [MESSAGE][PASSED] - Object: 'Object Repository/loginElements/Page_Login to Jobstoday.world - Create Resu_ef8a51/button_Login' is clicked on

2023-07-27 22:36:38 - [TEST_STEP][PASSED] - Thread.sleep(2000): null

2023-07-27 22:36:40 - [TEST_STEP][PASSED] - verifyMatch(getUrl(), "https://www.jobstoday.world/en/", false): Actual text 'https://www.jobstoday.world/en/' and expected text 'https://www.jobstoday.world/en/' are matched 

2023-07-27 22:36:40 - [MESSAGE][PASSED] - Current window's url is: 'https://www.jobstoday.world/en/'

2023-07-27 22:36:40 - [MESSAGE][PASSED] - Actual text 'https://www.jobstoday.world/en/' and expected text 'https://www.jobstoday.world/en/' are matched 

2023-07-27 22:36:40 - [MESSAGE][PASSED] - Call Test Case 'Test Cases/Candidate/CandidatLoginTC' successfully

2023-07-27 22:36:40 - [TEST_STEP][PASSED] - click(findTestObject("Object Repository/ChangePasswordElements/Page_Jobs Search, Search for a Job - Jobsto_ce5d69/img")): Object: 'Object Repository/ChangePasswordElements/Page_Jobs Search, Search for a Job - Jobsto_ce5d69/img' is clicked on

2023-07-27 22:36:43 - [MESSAGE][PASSED] - Object: 'Object Repository/ChangePasswordElements/Page_Jobs Search, Search for a Job - Jobsto_ce5d69/img' is clicked on

2023-07-27 22:36:43 - [TEST_STEP][PASSED] - click(findTestObject("Object Repository/ChangePasswordElements/Page_/img")): Object: 'Object Repository/ChangePasswordElements/Page_/img' is clicked on

2023-07-27 22:36:44 - [MESSAGE][PASSED] - Object: 'Object Repository/ChangePasswordElements/Page_/img' is clicked on

2023-07-27 22:36:44 - [TEST_STEP][PASSED] - click(findTestObject("Object Repository/ChangePasswordElements/Page_/a_SETTINGS")): Object: 'Object Repository/ChangePasswordElements/Page_/a_SETTINGS' is clicked on

2023-07-27 22:36:46 - [MESSAGE][PASSED] - Object: 'Object Repository/ChangePasswordElements/Page_/a_SETTINGS' is clicked on

2023-07-27 22:36:46 - [TEST_STEP][PASSED] - click(findTestObject("Object Repository/ChangePasswordElements/Page_/button_Edit")): Object: 'Object Repository/ChangePasswordElements/Page_/button_Edit' is clicked on

2023-07-27 22:36:47 - [MESSAGE][PASSED] - Object: 'Object Repository/ChangePasswordElements/Page_/button_Edit' is clicked on

2023-07-27 22:36:47 - [TEST_STEP][PASSED] - setText(findTestObject("Object Repository/ChangePasswordElements/Page_/input_Current password_input_current_password"), "Pass@123"): Text 'Pass@123' is set on object 'Object Repository/ChangePasswordElements/Page_/input_Current password_input_current_password'

2023-07-27 22:36:48 - [MESSAGE][PASSED] - Text 'Pass@123' is set on object 'Object Repository/ChangePasswordElements/Page_/input_Current password_input_current_password'

2023-07-27 22:36:48 - [TEST_STEP][PASSED] - setText(findTestObject("Object Repository/ChangePasswordElements/Page_/input_New password_input_new_password"), "Pass@123"): Text 'Pass@123' is set on object 'Object Repository/ChangePasswordElements/Page_/input_New password_input_new_password'

2023-07-27 22:36:49 - [MESSAGE][PASSED] - Text 'Pass@123' is set on object 'Object Repository/ChangePasswordElements/Page_/input_New password_input_new_password'

2023-07-27 22:36:49 - [TEST_STEP][PASSED] - setText(findTestObject("Object Repository/ChangePasswordElements/Page_/input_Repeat new password_input_confirm_password"), "Pass@123"): Text 'Pass@123' is set on object 'Object Repository/ChangePasswordElements/Page_/input_Repeat new password_input_confirm_password'

2023-07-27 22:36:50 - [MESSAGE][PASSED] - Text 'Pass@123' is set on object 'Object Repository/ChangePasswordElements/Page_/input_Repeat new password_input_confirm_password'

2023-07-27 22:36:50 - [TEST_STEP][PASSED] - click(findTestObject("Object Repository/ChangePasswordElements/Page_/button_Save")): Object: 'Object Repository/ChangePasswordElements/Page_/button_Save' is clicked on

2023-07-27 22:36:53 - [MESSAGE][PASSED] - Object: 'Object Repository/ChangePasswordElements/Page_/button_Save' is clicked on

2023-07-27 22:36:53 - [TEST_STEP][PASSED] - verifyElementVisible(findTestObject("Object Repository/ChangePasswordElements/Page_/h3_You have successfully saved your changes")): Object 'Object Repository/ChangePasswordElements/Page_/h3_You have successfully saved your changes' is visible

2023-07-27 22:36:54 - [MESSAGE][PASSED] - Object 'Object Repository/ChangePasswordElements/Page_/h3_You have successfully saved your changes' is visible

2023-07-27 22:36:54 - [TEST_STEP][PASSED] - closeBrowser(): Browser is closed

2023-07-27 22:36:55 - [MESSAGE][PASSED] - Browser is closed]]></system-out>
         <system-err><![CDATA[]]></system-err>
      </testcase>
      <testcase name="Test Cases/Candidate/ContactJobSeeker" time="81.428" classname="Test Cases/Candidate/ContactJobSeeker" status="PASSED">
         <system-out><![CDATA[2023-07-27 22:36:55 - [TEST_CASE][PASSED] - Test Cases/Candidate/ContactJobSeeker: Test Cases/Candidate/ContactJobSeeker

2023-07-27 22:36:55 - [TEST_STEP][PASSED] - callTestCase(findTestCase("Test Cases/Employee/EmployeeLoginTC"), [:]): Call Test Case 'Test Cases/Employee/EmployeeLoginTC' successfully

2023-07-27 22:36:55 - [TEST_CASE][PASSED] - Test Cases/Employee/EmployeeLoginTC: Test Cases/Employee/EmployeeLoginTC

2023-07-27 22:36:56 - [TEST_STEP][PASSED] - openBrowser(""): Browser is opened with url: ''

2023-07-27 22:36:56 - [MESSAGE][INFO] - Starting 'Edge Chromium' driver

2023-07-27 22:36:58 - [MESSAGE][INFO] - Action delay is set to 0 milliseconds

2023-07-27 22:36:59 - [MESSAGE][PASSED] - Browser is opened with url: ''

2023-07-27 22:36:59 - [TEST_STEP][PASSED] - navigateToUrl("https://www.jobstoday.world/en/"): Navigate to 'https://www.jobstoday.world/en/' successfully

2023-07-27 22:37:23 - [MESSAGE][PASSED] - Navigate to 'https://www.jobstoday.world/en/' successfully

2023-07-27 22:37:23 - [TEST_STEP][PASSED] - maximizeWindow(): Current window maximized

2023-07-27 22:37:23 - [MESSAGE][PASSED] - Current window maximized

2023-07-27 22:37:23 - [TEST_STEP][PASSED] - click(findTestObject("Object Repository/loginElements/Page_Jobs Search, Search for a Job - Jobsto_ce5d69/button_Accept All Cookies")): Object: 'Object Repository/loginElements/Page_Jobs Search, Search for a Job - Jobsto_ce5d69/button_Accept All Cookies' is clicked on

2023-07-27 22:37:24 - [MESSAGE][PASSED] - Object: 'Object Repository/loginElements/Page_Jobs Search, Search for a Job - Jobsto_ce5d69/button_Accept All Cookies' is clicked on

2023-07-27 22:37:24 - [TEST_STEP][PASSED] - click(findTestObject("Object Repository/loginElements/Page_Jobs Search, Search for a Job - Jobsto_ce5d69/a_Login")): Object: 'Object Repository/loginElements/Page_Jobs Search, Search for a Job - Jobsto_ce5d69/a_Login' is clicked on

2023-07-27 22:37:28 - [MESSAGE][PASSED] - Object: 'Object Repository/loginElements/Page_Jobs Search, Search for a Job - Jobsto_ce5d69/a_Login' is clicked on

2023-07-27 22:37:28 - [TEST_STEP][PASSED] - setText(findTestObject("Object Repository/loginElements/Page_Login to Jobstoday.world - Create Resu_ef8a51/input_Email address_input_email"), "employee@gmail.com"): Text 'employee@gmail.com' is set on object 'Object Repository/loginElements/Page_Login to Jobstoday.world - Create Resu_ef8a51/input_Email address_input_email'

2023-07-27 22:37:29 - [MESSAGE][PASSED] - Text 'employee@gmail.com' is set on object 'Object Repository/loginElements/Page_Login to Jobstoday.world - Create Resu_ef8a51/input_Email address_input_email'

2023-07-27 22:37:29 - [TEST_STEP][PASSED] - setText(findTestObject("Object Repository/loginElements/Page_Login to Jobstoday.world - Create Resu_ef8a51/input_Password_input_password"), "Pass@123"): Text 'Pass@123' is set on object 'Object Repository/loginElements/Page_Login to Jobstoday.world - Create Resu_ef8a51/input_Password_input_password'

2023-07-27 22:37:32 - [MESSAGE][PASSED] - Text 'Pass@123' is set on object 'Object Repository/loginElements/Page_Login to Jobstoday.world - Create Resu_ef8a51/input_Password_input_password'

2023-07-27 22:37:32 - [TEST_STEP][PASSED] - driver = getWebDriver(): null

2023-07-27 22:37:32 - [TEST_STEP][PASSED] - a = new org.openqa.selenium.interactions.Actions(driver): null

2023-07-27 22:37:32 - [TEST_STEP][PASSED] - build().perform(): null

2023-07-27 22:37:32 - [TEST_STEP][PASSED] - build().perform(): null

2023-07-27 22:37:32 - [TEST_STEP][PASSED] - build().perform(): null

2023-07-27 22:37:32 - [TEST_STEP][PASSED] - build().perform(): null

2023-07-27 22:37:32 - [TEST_STEP][PASSED] - build().perform(): null

2023-07-27 22:37:32 - [TEST_STEP][PASSED] - Thread.sleep(2000): null

2023-07-27 22:37:34 - [TEST_STEP][PASSED] - a1 = "0": null

2023-07-27 22:37:34 - [TEST_STEP][PASSED] - a2 = "7": null

2023-07-27 22:37:34 - [TEST_STEP][PASSED] - a3 = "8": null

2023-07-27 22:37:34 - [TEST_STEP][PASSED] - a4 = "9": null

2023-07-27 22:37:34 - [TEST_STEP][PASSED] - build().perform(): null

2023-07-27 22:37:34 - [TEST_STEP][PASSED] - sendKeys(findTestObject("Object Repository/loginElements/Page_Login to Jobstoday.world - Create Resu_ef8a51/button_Login"), String.valueOf(a1 + a2 + a3 + a4)): Keys '216' sent to object: 'Object Repository/loginElements/Page_Login to Jobstoday.world - Create Resu_ef8a51/button_Login'

2023-07-27 22:37:35 - [MESSAGE][PASSED] - Keys '216' sent to object: 'Object Repository/loginElements/Page_Login to Jobstoday.world - Create Resu_ef8a51/button_Login'

2023-07-27 22:37:35 - [TEST_STEP][PASSED] - click(findTestObject("Object Repository/loginElements/Page_Login to Jobstoday.world - Create Resu_ef8a51/button_Login")): Object: 'Object Repository/loginElements/Page_Login to Jobstoday.world - Create Resu_ef8a51/button_Login' is clicked on

2023-07-27 22:37:36 - [MESSAGE][PASSED] - Object: 'Object Repository/loginElements/Page_Login to Jobstoday.world - Create Resu_ef8a51/button_Login' is clicked on

2023-07-27 22:37:36 - [TEST_STEP][PASSED] - Thread.sleep(2000): null

2023-07-27 22:37:38 - [TEST_STEP][PASSED] - verifyMatch(getUrl(), "https://www.jobstoday.world/en/", false): Actual text 'https://www.jobstoday.world/en/' and expected text 'https://www.jobstoday.world/en/' are matched 

2023-07-27 22:37:38 - [MESSAGE][PASSED] - Current window's url is: 'https://www.jobstoday.world/en/'

2023-07-27 22:37:38 - [MESSAGE][PASSED] - Actual text 'https://www.jobstoday.world/en/' and expected text 'https://www.jobstoday.world/en/' are matched 

2023-07-27 22:37:38 - [MESSAGE][PASSED] - Call Test Case 'Test Cases/Employee/EmployeeLoginTC' successfully

2023-07-27 22:37:38 - [TEST_STEP][PASSED] - click(findTestObject("Object Repository/ContactJobSeeker/Page_Jobs Search, Search for a Job - Jobsto_ce5d69/a_Find Jobseekers")): Object: 'Object Repository/ContactJobSeeker/Page_Jobs Search, Search for a Job - Jobsto_ce5d69/a_Find Jobseekers' is clicked on

2023-07-27 22:37:43 - [MESSAGE][PASSED] - Object: 'Object Repository/ContactJobSeeker/Page_Jobs Search, Search for a Job - Jobsto_ce5d69/a_Find Jobseekers' is clicked on

2023-07-27 22:37:43 - [TEST_STEP][PASSED] - setText(findTestObject("Object Repository/ContactJobSeeker/Page_/input_PL_keywords"), "sw tester"): Text 'sw tester' is set on object 'Object Repository/ContactJobSeeker/Page_/input_PL_keywords'

2023-07-27 22:37:44 - [MESSAGE][PASSED] - Text 'sw tester' is set on object 'Object Repository/ContactJobSeeker/Page_/input_PL_keywords'

2023-07-27 22:37:44 - [TEST_STEP][PASSED] - click(findTestObject("Object Repository/ContactJobSeeker/Page_/button_Search")): Object: 'Object Repository/ContactJobSeeker/Page_/button_Search' is clicked on

2023-07-27 22:37:45 - [MESSAGE][PASSED] - Object: 'Object Repository/ContactJobSeeker/Page_/button_Search' is clicked on

2023-07-27 22:37:45 - [TEST_STEP][PASSED] - driver = getWebDriver(): null

2023-07-27 22:37:45 - [TEST_STEP][PASSED] - current = driver.getWindowHandle(): null

2023-07-27 22:37:46 - [TEST_STEP][PASSED] - click(findTestObject("Object Repository/ContactJobSeeker/Page_/a_VIEW PROFILE")): Object: 'Object Repository/ContactJobSeeker/Page_/a_VIEW PROFILE' is clicked on

2023-07-27 22:37:47 - [MESSAGE][PASSED] - Object: 'Object Repository/ContactJobSeeker/Page_/a_VIEW PROFILE' is clicked on

2023-07-27 22:37:47 - [TEST_STEP][PASSED] - handels = new java.util.ArrayList(driver.getWindowHandles()): null

2023-07-27 22:37:47 - [TEST_STEP][PASSED] - for (String s : handels): null

2023-07-27 22:37:47 - [TEST_STEP][PASSED] - if (!(s.equals(current))): null

2023-07-27 22:37:47 - [TEST_STEP][PASSED] - if (!(s.equals(current))): null

2023-07-27 22:37:47 - [TEST_STEP][PASSED] - switchTo().window(s): null

2023-07-27 22:37:47 - [TEST_STEP][PASSED] - click(findTestObject("Object Repository/ContactJobSeeker/Page_/button_Message")): Object: 'Object Repository/ContactJobSeeker/Page_/button_Message' is clicked on

2023-07-27 22:37:50 - [MESSAGE][PASSED] - Object: 'Object Repository/ContactJobSeeker/Page_/button_Message' is clicked on

2023-07-27 22:37:50 - [TEST_STEP][PASSED] - setText(findTestObject("Object Repository/ContactJobSeeker/Page_/textarea_Contact inquiry_input_inquiry"), "test "): Text 'test ' is set on object 'Object Repository/ContactJobSeeker/Page_/textarea_Contact inquiry_input_inquiry'

2023-07-27 22:37:51 - [MESSAGE][PASSED] - Text 'test ' is set on object 'Object Repository/ContactJobSeeker/Page_/textarea_Contact inquiry_input_inquiry'

2023-07-27 22:37:51 - [TEST_STEP][PASSED] - setText(findTestObject("Object Repository/ContactJobSeeker/Page_/input_First name_input_firstname"), "ahmed"): Text 'ahmed' is set on object 'Object Repository/ContactJobSeeker/Page_/input_First name_input_firstname'

2023-07-27 22:37:53 - [MESSAGE][PASSED] - Text 'ahmed' is set on object 'Object Repository/ContactJobSeeker/Page_/input_First name_input_firstname'

2023-07-27 22:37:53 - [TEST_STEP][PASSED] - setText(findTestObject("Object Repository/ContactJobSeeker/Page_/input_Last name_input_lastname"), "test"): Text 'test' is set on object 'Object Repository/ContactJobSeeker/Page_/input_Last name_input_lastname'

2023-07-27 22:37:54 - [MESSAGE][PASSED] - Text 'test' is set on object 'Object Repository/ContactJobSeeker/Page_/input_Last name_input_lastname'

2023-07-27 22:37:54 - [TEST_STEP][PASSED] - setText(findTestObject("Object Repository/ContactJobSeeker/Page_/input_Phone number_input_phone"), "+201146196154"): Text '+201146196154' is set on object 'Object Repository/ContactJobSeeker/Page_/input_Phone number_input_phone'

2023-07-27 22:37:55 - [MESSAGE][PASSED] - Text '+201146196154' is set on object 'Object Repository/ContactJobSeeker/Page_/input_Phone number_input_phone'

2023-07-27 22:37:55 - [TEST_STEP][PASSED] - setText(findTestObject("Object Repository/ContactJobSeeker/Page_/input_Email address_input_email"), "employee@gmail.com"): Text 'employee@gmail.com' is set on object 'Object Repository/ContactJobSeeker/Page_/input_Email address_input_email'

2023-07-27 22:37:56 - [MESSAGE][PASSED] - Text 'employee@gmail.com' is set on object 'Object Repository/ContactJobSeeker/Page_/input_Email address_input_email'

2023-07-27 22:37:56 - [TEST_STEP][PASSED] - setText(findTestObject("Object Repository/ContactJobSeeker/Page_/input_Company_input_company"), "testawy"): Text 'testawy' is set on object 'Object Repository/ContactJobSeeker/Page_/input_Company_input_company'

2023-07-27 22:37:57 - [MESSAGE][PASSED] - Text 'testawy' is set on object 'Object Repository/ContactJobSeeker/Page_/input_Company_input_company'

2023-07-27 22:37:57 - [TEST_STEP][PASSED] - setText(findTestObject("Object Repository/ContactJobSeeker/Page_/input_Website_input_website"), ""): Text '' is set on object 'Object Repository/ContactJobSeeker/Page_/input_Website_input_website'

2023-07-27 22:37:58 - [MESSAGE][PASSED] - Text '' is set on object 'Object Repository/ContactJobSeeker/Page_/input_Website_input_website'

2023-07-27 22:37:58 - [TEST_STEP][PASSED] - click(findTestObject("Object Repository/ContactJobSeeker/Page_/input_Website_privacy")): Object: 'Object Repository/ContactJobSeeker/Page_/input_Website_privacy' is clicked on

2023-07-27 22:37:59 - [MESSAGE][PASSED] - Object: 'Object Repository/ContactJobSeeker/Page_/input_Website_privacy' is clicked on

2023-07-27 22:37:59 - [TEST_STEP][PASSED] - a = new org.openqa.selenium.interactions.Actions(driver): null

2023-07-27 22:37:59 - [TEST_STEP][PASSED] - build().perform(): null

2023-07-27 22:37:59 - [TEST_STEP][PASSED] - build().perform(): null

2023-07-27 22:37:59 - [TEST_STEP][PASSED] - build().perform(): null

2023-07-27 22:37:59 - [TEST_STEP][PASSED] - build().perform(): null

2023-07-27 22:37:59 - [TEST_STEP][PASSED] - build().perform(): null

2023-07-27 22:37:59 - [TEST_STEP][PASSED] - Thread.sleep(2000): null

2023-07-27 22:38:01 - [TEST_STEP][PASSED] - a1 = "0": null

2023-07-27 22:38:01 - [TEST_STEP][PASSED] - a2 = "7": null

2023-07-27 22:38:01 - [TEST_STEP][PASSED] - a3 = "8": null

2023-07-27 22:38:01 - [TEST_STEP][PASSED] - a4 = "9": null

2023-07-27 22:38:01 - [TEST_STEP][PASSED] - build().perform(): null

2023-07-27 22:38:01 - [TEST_STEP][PASSED] - sendKeys(findTestObject("Object Repository/ContactJobSeeker/Page_/button_Send"), String.valueOf(a1 + a2 + a3 + a4)): Keys '216' sent to object: 'Object Repository/ContactJobSeeker/Page_/button_Send'

2023-07-27 22:38:02 - [MESSAGE][PASSED] - Keys '216' sent to object: 'Object Repository/ContactJobSeeker/Page_/button_Send'

2023-07-27 22:38:02 - [TEST_STEP][PASSED] - click(findTestObject("Object Repository/ContactJobSeeker/Page_/button_Send")): Object: 'Object Repository/ContactJobSeeker/Page_/button_Send' is clicked on

2023-07-27 22:38:03 - [MESSAGE][PASSED] - Object: 'Object Repository/ContactJobSeeker/Page_/button_Send' is clicked on

2023-07-27 22:38:03 - [TEST_STEP][PASSED] - verifyElementVisible(findTestObject("Object Repository/ContactJobSeeker/Page_/div_You have successfully sent  a message")): Object 'Object Repository/ContactJobSeeker/Page_/div_You have successfully sent  a message' is visible

2023-07-27 22:38:04 - [MESSAGE][PASSED] - Object 'Object Repository/ContactJobSeeker/Page_/div_You have successfully sent  a message' is visible

2023-07-27 22:38:04 - [TEST_STEP][PASSED] - click(findTestObject("Object Repository/ContactJobSeeker/Page_/a_Close")): Object: 'Object Repository/ContactJobSeeker/Page_/a_Close' is clicked on

2023-07-27 22:38:05 - [MESSAGE][PASSED] - Object: 'Object Repository/ContactJobSeeker/Page_/a_Close' is clicked on

2023-07-27 22:38:05 - [TEST_STEP][PASSED] - Thread.sleep(2000): null

2023-07-27 22:38:07 - [TEST_STEP][PASSED] - click(findTestObject("Object Repository/ContactJobSeeker/Page_/img_1")): Object: 'Object Repository/ContactJobSeeker/Page_/img_1' is clicked on

2023-07-27 22:38:12 - [MESSAGE][PASSED] - Object: 'Object Repository/ContactJobSeeker/Page_/img_1' is clicked on

2023-07-27 22:38:12 - [TEST_STEP][PASSED] - click(findTestObject("Object Repository/ContactJobSeeker/forHover")): Object: 'Object Repository/ContactJobSeeker/forHover' is clicked on

2023-07-27 22:38:12 - [MESSAGE][PASSED] - Object: 'Object Repository/ContactJobSeeker/forHover' is clicked on

2023-07-27 22:38:12 - [TEST_STEP][PASSED] - click(findTestObject("Object Repository/ContactJobSeeker/Page_Jobstoday/span_Logout")): Object: 'Object Repository/ContactJobSeeker/Page_Jobstoday/span_Logout' is clicked on

2023-07-27 22:38:15 - [MESSAGE][PASSED] - Object: 'Object Repository/ContactJobSeeker/Page_Jobstoday/span_Logout' is clicked on

2023-07-27 22:38:15 - [TEST_STEP][PASSED] - closeBrowser(): Browser is closed

2023-07-27 22:38:16 - [MESSAGE][PASSED] - Browser is closed]]></system-out>
         <system-err><![CDATA[]]></system-err>
      </testcase>
      <testcase name="Test Cases/Candidate/ContactUs" time="0.407" classname="Test Cases/Candidate/ContactUs" status="PASSED">
         <system-out><![CDATA[2023-07-27 22:38:16 - [TEST_CASE][PASSED] - Test Cases/Candidate/ContactUs: Test Cases/Candidate/ContactUs

2023-07-27 22:38:16 - [TEST_STEP][PASSED] - return null: null]]></system-out>
         <system-err><![CDATA[]]></system-err>
      </testcase>
      <testcase name="Test Cases/Candidate/DeleteCandidateAccount" time="52.426" classname="Test Cases/Candidate/DeleteCandidateAccount" status="FAILED">
         <failure type="FAILED" message="Test Cases/Candidate/DeleteCandidateAccount FAILED.
Reason:
com.kms.katalon.core.exception.StepFailedException: Actual text 'https://www.jobstoday.world/en/new-dashboard/settings/index/' and expected text 'https://www.jobstoday.world/en/login/' are not matched
	at com.kms.katalon.core.keyword.builtin.VerifyMatchKeyword$_verifyMatch_closure1.doCall(VerifyMatchKeyword.groovy:57)
	at com.kms.katalon.core.keyword.builtin.VerifyMatchKeyword$_verifyMatch_closure1.call(VerifyMatchKeyword.groovy)
	at com.kms.katalon.core.keyword.internal.KeywordMain.runKeyword(KeywordMain.groovy:75)
	at com.kms.katalon.core.keyword.builtin.VerifyMatchKeyword.verifyMatch(VerifyMatchKeyword.groovy:60)
	at com.kms.katalon.core.keyword.builtin.VerifyMatchKeyword.execute(VerifyMatchKeyword.groovy:45)
	at com.kms.katalon.core.keyword.internal.KeywordExecutor.executeKeywordForPlatform(KeywordExecutor.groovy:74)
	at com.kms.katalon.core.keyword.BuiltinKeywords.verifyMatch(BuiltinKeywords.groovy:78)
	at DeleteCandidateAccount.run(DeleteCandidateAccount:42)
	at com.kms.katalon.core.main.ScriptEngine.run(ScriptEngine.java:194)
	at com.kms.katalon.core.main.ScriptEngine.runScriptAsRawText(ScriptEngine.java:119)
	at com.kms.katalon.core.main.TestCaseExecutor.runScript(TestCaseExecutor.java:448)
	at com.kms.katalon.core.main.TestCaseExecutor.doExecute(TestCaseExecutor.java:439)
	at com.kms.katalon.core.main.TestCaseExecutor.processExecutionPhase(TestCaseExecutor.java:418)
	at com.kms.katalon.core.main.TestCaseExecutor.accessMainPhase(TestCaseExecutor.java:410)
	at com.kms.katalon.core.main.TestCaseExecutor.execute(TestCaseExecutor.java:285)
[...]
	at com.kms.katalon.core.main.ScriptEngine.run(ScriptEngine.java:194)
	at com.kms.katalon.core.main.ScriptEngine.runScriptAsRawText(ScriptEngine.java:119)
	at com.kms.katalon.core.main.TestCaseExecutor.runScript(TestCaseExecutor.java:448)
	at com.kms.katalon.core.main.TestCaseExecutor.doExecute(TestCaseExecutor.java:439)
	at com.kms.katalon.core.main.TestCaseExecutor.processExecutionPhase(TestCaseExecutor.java:418)
	at com.kms.katalon.core.main.TestCaseExecutor.accessMainPhase(TestCaseExecutor.java:410)
	at com.kms.katalon.core.main.TestCaseExecutor.execute(TestCaseExecutor.java:285)
	at com.kms.katalon.core.common.CommonExecutor.accessTestCaseMainPhase(CommonExecutor.java:65)
	at com.kms.katalon.core.main.TestSuiteExecutor.accessTestSuiteMainPhase(TestSuiteExecutor.java:148)
	at com.kms.katalon.core.main.TestSuiteExecutor.execute(TestSuiteExecutor.java:106)
	at com.kms.katalon.core.main.TestCaseMain.startTestSuite(TestCaseMain.java:187)
	at com.kms.katalon.core.main.TestCaseMain$startTestSuite$0.call(Unknown Source)
	at TempTestSuite1690489832736.run(TempTestSuite1690489832736.groovy:36)
)

2023-07-27 22:43:02 - [MESSAGE][PASSED] - Current window's url is: 'https://www.jobstoday.world/en/registration/candidate/'

2023-07-27 22:43:02 - [MESSAGE][FAILED] - Unable to verify match between actual text 'https://www.jobstoday.world/en/registration/candidate/' and expected text 'https://www.jobstoday.world/en/registration/success/candidate/' (Root cause: com.kms.katalon.core.exception.StepFailedException: Actual text 'https://www.jobstoday.world/en/registration/candidate/' and expected text 'https://www.jobstoday.world/en/registration/success/candidate/' are not matched
	at com.kms.katalon.core.keyword.builtin.VerifyMatchKeyword$_verifyMatch_closure1.doCall(VerifyMatchKeyword.groovy:57)
	at com.kms.katalon.core.keyword.builtin.VerifyMatchKeyword$_verifyMatch_closure1.call(VerifyMatchKeyword.groovy)
	at com.kms.katalon.core.keyword.internal.KeywordMain.runKeyword(KeywordMain.groovy:75)
	at com.kms.katalon.core.keyword.builtin.VerifyMatchKeyword.verifyMatch(VerifyMatchKeyword.groovy:60)
	at com.kms.katalon.core.keyword.builtin.VerifyMatchKeyword.execute(VerifyMatchKeyword.groovy:45)
	at com.kms.katalon.core.keyword.internal.KeywordExecutor.executeKeywordForPlatform(KeywordExecutor.groovy:74)
	at com.kms.katalon.core.keyword.BuiltinKeywords.verifyMatch(BuiltinKeywords.groovy:78)
	at registerAsCandidateUsingEmailFromRegisterPageTC.run(registerAsCandidateUsingEmailFromRegisterPageTC:77)
	at com.kms.katalon.core.main.ScriptEngine.run(ScriptEngine.java:194)
	at com.kms.katalon.core.main.ScriptEngine.runScriptAsRawText(ScriptEngine.java:119)
	at com.kms.katalon.core.main.TestCaseExecutor.runScript(TestCaseExecutor.java:448)
	at com.kms.katalon.core.main.TestCaseExecutor.doExecute(TestCaseExecutor.java:439)
	at com.kms.katalon.core.main.TestCaseExecutor.processExecutionPhase(TestCaseExecutor.java:418)
	at com.kms.katalon.core.main.TestCaseExecutor.accessMainPhase(TestCaseExecutor.java:410)
	at com.kms.katalon.core.main.TestCaseExecutor.execute(TestCaseExecutor.java:285)
	at com.kms.katalon.core.common.CommonExecutor.accessTestCaseMainPhase(CommonExecutor.java:65)
	at com.kms.katalon.core.main.TestSuiteExecutor.accessTestSuiteMainPhase(TestSuiteExecutor.java:148)
	at com.kms.katalon.core.main.TestSuiteExecutor.execute(TestSuiteExecutor.java:106)
	at com.kms.katalon.core.main.TestCaseMain.startTestSuite(TestCaseMain.java:187)
	at com.kms.katalon.core.main.TestCaseMain$startTestSuite$0.call(Unknown Source)
	at TempTestSuite1690489832736.run(TempTestSuite1690489832736.groovy:36)
)]]></system-out>
         <system-err><![CDATA[2023-07-27 22:42:26 - [TEST_CASE][FAILED] - Test Cases/Candidate/registerAsCandidateUsingEmailFromRegisterPageTC: Test Cases/Candidate/registerAsCandidateUsingEmailFromRegisterPageTC FAILED.
Reason:
com.kms.katalon.core.exception.StepFailedException: Actual text 'https://www.jobstoday.world/en/registration/candidate/' and expected text 'https://www.jobstoday.world/en/registration/success/candidate/' are not matched
	at com.kms.katalon.core.keyword.builtin.VerifyMatchKeyword$_verifyMatch_closure1.doCall(VerifyMatchKeyword.groovy:57)
	at com.kms.katalon.core.keyword.builtin.VerifyMatchKeyword$_verifyMatch_closure1.call(VerifyMatchKeyword.groovy)
	at com.kms.katalon.core.keyword.internal.KeywordMain.runKeyword(KeywordMain.groovy:75)
	at com.kms.katalon.core.keyword.builtin.VerifyMatchKeyword.verifyMatch(VerifyMatchKeyword.groovy:60)
	at com.kms.katalon.core.keyword.builtin.VerifyMatchKeyword.execute(VerifyMatchKeyword.groovy:45)
	at com.kms.katalon.core.keyword.internal.KeywordExecutor.executeKeywordForPlatform(KeywordExecutor.groovy:74)
	at com.kms.katalon.core.keyword.BuiltinKeywords.verifyMatch(BuiltinKeywords.groovy:78)
	at registerAsCandidateUsingEmailFromRegisterPageTC.run(registerAsCandidateUsingEmailFromRegisterPageTC:77)
	at com.kms.katalon.core.main.ScriptEngine.run(ScriptEngine.java:194)
	at com.kms.katalon.core.main.ScriptEngine.runScriptAsRawText(ScriptEngine.java:119)
	at com.kms.katalon.core.main.TestCaseExecutor.runScript(TestCaseExecutor.java:448)
	at com.kms.katalon.core.main.TestCaseExecutor.doExecute(TestCaseExecutor.java:439)
	at com.kms.katalon.core.main.TestCaseExecutor.processExecutionPhase(TestCaseExecutor.java:418)
	at com.kms.katalon.core.main.TestCaseExecutor.accessMainPhase(TestCaseExecutor.java:410)
	at com.kms.katalon.core.main.TestCaseExecutor.execute(TestCaseExecutor.java:285)
	at com.kms.katalon.core.common.CommonExecutor.accessTestCaseMainPhase(CommonExecutor.java:65)
	at com.kms.katalon.core.main.TestSuiteExecutor.accessTestSuiteMainPhase(TestSuiteExecutor.java:148)
	at com.kms.katalon.core.main.TestSuiteExecutor.execute(TestSuiteExecutor.java:106)
	at com.kms.katalon.core.main.TestCaseMain.startTestSuite(TestCaseMain.java:187)
	at com.kms.katalon.core.main.TestCaseMain$startTestSuite$0.call(Unknown Source)
	at TempTestSuite1690489832736.run(TempTestSuite1690489832736.groovy:36)]]></system-err>
      </testcase>
      <testcase name="Test Cases/Candidate/SubscibeToEmail" time="48.608" classname="Test Cases/Candidate/SubscibeToEmail" status="PASSED">
         <system-out><![CDATA[2023-07-27 22:43:02 - [TEST_CASE][PASSED] - Test Cases/Candidate/SubscibeToEmail: Test Cases/Candidate/SubscibeToEmail

2023-07-27 22:43:02 - [TEST_STEP][PASSED] - callTestCase(findTestCase("Test Cases/Candidate/CandidatLoginTC"), [:]): Call Test Case 'Test Cases/Candidate/CandidatLoginTC' successfully

2023-07-27 22:43:03 - [TEST_CASE][PASSED] - Test Cases/Candidate/CandidatLoginTC: Test Cases/Candidate/CandidatLoginTC

2023-07-27 22:43:03 - [TEST_STEP][PASSED] - openBrowser(""): Browser is opened with url: ''

2023-07-27 22:43:03 - [MESSAGE][WARNING] - A browser is already opened. Closing browser and opening a new one

2023-07-27 22:43:03 - [MESSAGE][INFO] - Starting 'Edge Chromium' driver

2023-07-27 22:43:06 - [MESSAGE][INFO] - Action delay is set to 0 milliseconds

2023-07-27 22:43:07 - [MESSAGE][PASSED] - Browser is opened with url: ''

2023-07-27 22:43:07 - [TEST_STEP][PASSED] - navigateToUrl("https://www.jobstoday.world/en/"): Navigate to 'https://www.jobstoday.world/en/' successfully

2023-07-27 22:43:30 - [MESSAGE][PASSED] - Navigate to 'https://www.jobstoday.world/en/' successfully

2023-07-27 22:43:30 - [TEST_STEP][PASSED] - maximizeWindow(): Current window maximized

2023-07-27 22:43:30 - [MESSAGE][PASSED] - Current window maximized

2023-07-27 22:43:30 - [TEST_STEP][PASSED] - click(findTestObject("Object Repository/loginElements/Page_Jobs Search, Search for a Job - Jobsto_ce5d69/button_Accept All Cookies")): Object: 'Object Repository/loginElements/Page_Jobs Search, Search for a Job - Jobsto_ce5d69/button_Accept All Cookies' is clicked on

2023-07-27 22:43:32 - [MESSAGE][PASSED] - Object: 'Object Repository/loginElements/Page_Jobs Search, Search for a Job - Jobsto_ce5d69/button_Accept All Cookies' is clicked on

2023-07-27 22:43:32 - [TEST_STEP][PASSED] - click(findTestObject("Object Repository/loginElements/Page_Jobs Search, Search for a Job - Jobsto_ce5d69/a_Login")): Object: 'Object Repository/loginElements/Page_Jobs Search, Search for a Job - Jobsto_ce5d69/a_Login' is clicked on

2023-07-27 22:43:37 - [MESSAGE][PASSED] - Object: 'Object Repository/loginElements/Page_Jobs Search, Search for a Job - Jobsto_ce5d69/a_Login' is clicked on

2023-07-27 22:43:37 - [TEST_STEP][PASSED] - setText(findTestObject("Object Repository/loginElements/Page_Login to Jobstoday.world - Create Resu_ef8a51/input_Email address_input_email"), "jobseeker@gmail.com"): Text 'jobseeker@gmail.com' is set on object 'Object Repository/loginElements/Page_Login to Jobstoday.world - Create Resu_ef8a51/input_Email address_input_email'

2023-07-27 22:43:38 - [MESSAGE][PASSED] - Text 'jobseeker@gmail.com' is set on object 'Object Repository/loginElements/Page_Login to Jobstoday.world - Create Resu_ef8a51/input_Email address_input_email'

2023-07-27 22:43:38 - [TEST_STEP][PASSED] - setText(findTestObject("Object Repository/loginElements/Page_Login to Jobstoday.world - Create Resu_ef8a51/input_Password_input_password"), "Pass@123"): Text 'Pass@123' is set on object 'Object Repository/loginElements/Page_Login to Jobstoday.world - Create Resu_ef8a51/input_Password_input_password'

2023-07-27 22:43:41 - [MESSAGE][PASSED] - Text 'Pass@123' is set on object 'Object Repository/loginElements/Page_Login to Jobstoday.world - Create Resu_ef8a51/input_Password_input_password'

2023-07-27 22:43:41 - [TEST_STEP][PASSED] - driver = getWebDriver(): null

2023-07-27 22:43:41 - [TEST_STEP][PASSED] - a = new org.openqa.selenium.interactions.Actions(driver): null

2023-07-27 22:43:41 - [TEST_STEP][PASSED] - build().perform(): null

2023-07-27 22:43:41 - [TEST_STEP][PASSED] - build().perform(): null

2023-07-27 22:43:41 - [TEST_STEP][PASSED] - build().perform(): null

2023-07-27 22:43:41 - [TEST_STEP][PASSED] - build().perform(): null

2023-07-27 22:43:41 - [TEST_STEP][PASSED] - build().perform(): null

2023-07-27 22:43:41 - [TEST_STEP][PASSED] - Thread.sleep(2000): null

2023-07-27 22:43:43 - [TEST_STEP][PASSED] - a1 = "0": null

2023-07-27 22:43:43 - [TEST_STEP][PASSED] - a2 = "7": null

2023-07-27 22:43:43 - [TEST_STEP][PASSED] - a3 = "8": null

2023-07-27 22:43:43 - [TEST_STEP][PASSED] - a4 = "9": null

2023-07-27 22:43:43 - [TEST_STEP][PASSED] - build().perform(): null

2023-07-27 22:43:43 - [TEST_STEP][PASSED] - sendKeys(findTestObject("Object Repository/loginElements/Page_Login to Jobstoday.world - Create Resu_ef8a51/button_Login"), String.valueOf(a1 + a2 + a3 + a4)): Keys '216' sent to object: 'Object Repository/loginElements/Page_Login to Jobstoday.world - Create Resu_ef8a51/button_Login'

2023-07-27 22:43:44 - [MESSAGE][PASSED] - Keys '216' sent to object: 'Object Repository/loginElements/Page_Login to Jobstoday.world - Create Resu_ef8a51/button_Login'

2023-07-27 22:43:44 - [TEST_STEP][PASSED] - click(findTestObject("Object Repository/loginElements/Page_Login to Jobstoday.world - Create Resu_ef8a51/button_Login")): Object: 'Object Repository/loginElements/Page_Login to Jobstoday.world - Create Resu_ef8a51/button_Login' is clicked on

2023-07-27 22:43:44 - [MESSAGE][PASSED] - Object: 'Object Repository/loginElements/Page_Login to Jobstoday.world - Create Resu_ef8a51/button_Login' is clicked on

2023-07-27 22:43:44 - [TEST_STEP][PASSED] - Thread.sleep(2000): null

2023-07-27 22:43:46 - [TEST_STEP][PASSED] - verifyMatch(getUrl(), "https://www.jobstoday.world/en/", false): Actual text 'https://www.jobstoday.world/en/' and expected text 'https://www.jobstoday.world/en/' are matched 

2023-07-27 22:43:46 - [MESSAGE][PASSED] - Current window's url is: 'https://www.jobstoday.world/en/'

2023-07-27 22:43:46 - [MESSAGE][PASSED] - Actual text 'https://www.jobstoday.world/en/' and expected text 'https://www.jobstoday.world/en/' are matched 

2023-07-27 22:43:46 - [MESSAGE][PASSED] - Call Test Case 'Test Cases/Candidate/CandidatLoginTC' successfully

2023-07-27 22:43:46 - [TEST_STEP][PASSED] - scrollToPosition(0, 0): Browser is scrolled to position x = 0, y = 0

2023-07-27 22:43:46 - [MESSAGE][PASSED] - Browser is scrolled to position x = 0, y = 0

2023-07-27 22:43:46 - [TEST_STEP][PASSED] - setText(findTestObject("Object Repository/SubscibeToEmail/Page_Jobs Search, Search for a Job - Jobsto_ce5d69/input_New Vacancies in Your Inbox_input_email"), "Automationuser1@mailinator.com"): Text 'Automationuser1@mailinator.com' is set on object 'Object Repository/SubscibeToEmail/Page_Jobs Search, Search for a Job - Jobsto_ce5d69/input_New Vacancies in Your Inbox_input_email'

2023-07-27 22:43:48 - [MESSAGE][PASSED] - Text 'Automationuser1@mailinator.com' is set on object 'Object Repository/SubscibeToEmail/Page_Jobs Search, Search for a Job - Jobsto_ce5d69/input_New Vacancies in Your Inbox_input_email'

2023-07-27 22:43:48 - [TEST_STEP][PASSED] - click(findTestObject("Object Repository/SubscibeToEmail/Page_Jobs Search, Search for a Job - Jobsto_ce5d69/button_Subscribe")): Object: 'Object Repository/SubscibeToEmail/Page_Jobs Search, Search for a Job - Jobsto_ce5d69/button_Subscribe' is clicked on

2023-07-27 22:43:49 - [MESSAGE][PASSED] - Object: 'Object Repository/SubscibeToEmail/Page_Jobs Search, Search for a Job - Jobsto_ce5d69/button_Subscribe' is clicked on

2023-07-27 22:43:49 - [TEST_STEP][PASSED] - verifyElementVisible(findTestObject("Object Repository/SubscibeToEmail/Page_Jobs Search, Search for a Job - Jobsto_ce5d69/h5_You have successfully subscribed")): Object 'Object Repository/SubscibeToEmail/Page_Jobs Search, Search for a Job - Jobsto_ce5d69/h5_You have successfully subscribed' is visible

2023-07-27 22:43:50 - [MESSAGE][PASSED] - Object 'Object Repository/SubscibeToEmail/Page_Jobs Search, Search for a Job - Jobsto_ce5d69/h5_You have successfully subscribed' is visible

2023-07-27 22:43:50 - [TEST_STEP][PASSED] - closeBrowser(): Browser is closed

2023-07-27 22:43:51 - [MESSAGE][PASSED] - Browser is closed]]></system-out>
         <system-err><![CDATA[]]></system-err>
      </testcase>
      <system-out><![CDATA[2023-07-27 22:30:47 - [TEST_SUITE][FAILED] - CandidateSuite: Test Cases/Candidate/CanCreateResume FAILED.
Reason:
com.kms.katalon.core.exception.StepFailedException: Unable to click on object 'Object Repository/CreateResume/Page_/button_Create'
	at com.kms.katalon.core.webui.keyword.internal.WebUIKeywordMain.stepFailed(WebUIKeywordMain.groovy:64)
	at com.kms.katalon.core.webui.keyword.internal.WebUIKeywordMain.runKeyword(WebUIKeywordMain.groovy:26)
	at com.kms.katalon.core.webui.keyword.builtin.ClickKeyword.click(ClickKeyword.groovy:74)
	at com.kms.katalon.core.webui.keyword.builtin.ClickKeyword.execute(ClickKeyword.groovy:40)
	at com.kms.katalon.core.keyword.internal.KeywordExecutor.executeKeywordForPlatform(KeywordExecutor.groovy:74)
	at com.kms.katalon.core.webui.keyword.WebUiBuiltInKeywords.click(WebUiBuiltInKeywords.groovy:620)
	at com.kms.katalon.core.webui.keyword.WebUiBuiltInKeywords$click$2.call(Unknown Source)
	at CanCreateResume.run(CanCreateResume:36)
	at com.kms.katalon.core.main.ScriptEngine.run(ScriptEngine.java:194)
	at com.kms.katalon.core.main.ScriptEngine.runScriptAsRawText(ScriptEngine.java:119)
	at com.kms.katalon.core.main.TestCaseExecutor.runScript(TestCaseExecutor.java:448)
	at com.kms.katalon.core.main.TestCaseExecutor.doExecute(TestCaseExecutor.java:439)
	at com.kms.katalon.core.main.TestCaseExecutor.processExecutionPhase(TestCaseExecutor.java:418)
	at com.kms.katalon.core.main.TestCaseExecutor.accessMainPhase(TestCaseExecutor.java:410)
	at com.kms.katalon.core.main.TestCaseExecutor.execute(TestCaseExecutor.java:285)
	at com.kms.katalon.core.common.CommonExecutor.accessTestCaseMainPhase(CommonExecutor.java:65)
	at com.kms.katalon.core.main.TestSuiteExecutor.accessTestSuiteMainPhase(TestSuiteExecutor.java:148)
	at com.kms.katalon.core.main.TestSuiteExecutor.execute(TestSuiteExecutor.java:106)
	at com.kms.katalon.core.main.TestCaseMain.startTestSuite(TestCaseMain.java:187)
	at com.kms.katalon.core.main.TestCaseMain$startTestSuite$0.call(Unknown Source)
	at TempTestSuite1690489832736.run(TempTestSuite1690489832736.groovy:36)
Caused by: com.kms.katalon.core.webui.exception.WebElementNotFoundException: Web element with id: 'Object Repository/CreateResume/Page_/button_Create' located by '//*[@id="page_content"]/section/div/div[2]/div/div/div[2]/div/div/div/button' not found
	at com.kms.katalon.core.webui.common.WebUiCommonHelper.findWebElement(WebUiCommonHelper.java:1381)
	at com.kms.katalon.core.webui.keyword.internal.WebUIAbstractKeyword.findWebElement(WebUIAbstractKeyword.groovy:27)
	at com.kms.katalon.core.webui.keyword.builtin.ClickKeyword$_click_closure1.doCall(ClickKeyword.groovy:65)
	at com.kms.katalon.core.webui.keyword.builtin.ClickKeyword$_click_closure1.call(ClickKeyword.groovy)
	at com.kms.katalon.core.webui.keyword.internal.WebUIKeywordMain.runKeyword(WebUIKeywordMain.groovy:20)
	... 19 more]]></system-out>
      <system-err><![CDATA[2023-07-27 22:30:47 - [TEST_SUITE][FAILED] - CandidateSuite: Test Cases/Candidate/CanCreateResume FAILED.
Reason:
com.kms.katalon.core.exception.StepFailedException: Unable to click on object 'Object Repository/CreateResume/Page_/button_Create'
	at com.kms.katalon.core.webui.keyword.internal.WebUIKeywordMain.stepFailed(WebUIKeywordMain.groovy:64)
	at com.kms.katalon.core.webui.keyword.internal.WebUIKeywordMain.runKeyword(WebUIKeywordMain.groovy:26)
	at com.kms.katalon.core.webui.keyword.builtin.ClickKeyword.click(ClickKeyword.groovy:74)
	at com.kms.katalon.core.webui.keyword.builtin.ClickKeyword.execute(ClickKeyword.groovy:40)
	at com.kms.katalon.core.keyword.internal.KeywordExecutor.executeKeywordForPlatform(KeywordExecutor.groovy:74)
	at com.kms.katalon.core.webui.keyword.WebUiBuiltInKeywords.click(WebUiBuiltInKeywords.groovy:620)
	at com.kms.katalon.core.webui.keyword.WebUiBuiltInKeywords$click$2.call(Unknown Source)
	at CanCreateResume.run(CanCreateResume:36)
	at com.kms.katalon.core.main.ScriptEngine.run(ScriptEngine.java:194)
	at com.kms.katalon.core.main.ScriptEngine.runScriptAsRawText(ScriptEngine.java:119)
	at com.kms.katalon.core.main.TestCaseExecutor.runScript(TestCaseExecutor.java:448)
	at com.kms.katalon.core.main.TestCaseExecutor.doExecute(TestCaseExecutor.java:439)
	at com.kms.katalon.core.main.TestCaseExecutor.processExecutionPhase(TestCaseExecutor.java:418)
	at com.kms.katalon.core.main.TestCaseExecutor.accessMainPhase(TestCaseExecutor.java:410)
	at com.kms.katalon.core.main.TestCaseExecutor.execute(TestCaseExecutor.java:285)
	at com.kms.katalon.core.common.CommonExecutor.accessTestCaseMainPhase(CommonExecutor.java:65)
	at com.kms.katalon.core.main.TestSuiteExecutor.accessTestSuiteMainPhase(TestSuiteExecutor.java:148)
	at com.kms.katalon.core.main.TestSuiteExecutor.execute(TestSuiteExecutor.java:106)
	at com.kms.katalon.core.main.TestCaseMain.startTestSuite(TestCaseMain.java:187)
	at com.kms.katalon.core.main.TestCaseMain$startTestSuite$0.call(Unknown Source)
	at TempTestSuite1690489832736.run(TempTestSuite1690489832736.groovy:36)
Caused by: com.kms.katalon.core.webui.exception.WebElementNotFoundException: Web element with id: 'Object Repository/CreateResume/Page_/button_Create' located by '//*[@id="page_content"]/section/div/div[2]/div/div/div[2]/div/div/div/button' not found
	at com.kms.katalon.core.webui.common.WebUiCommonHelper.findWebElement(WebUiCommonHelper.java:1381)
	at com.kms.katalon.core.webui.keyword.internal.WebUIAbstractKeyword.findWebElement(WebUIAbstractKeyword.groovy:27)
	at com.kms.katalon.core.webui.keyword.builtin.ClickKeyword$_click_closure1.doCall(ClickKeyword.groovy:65)
	at com.kms.katalon.core.webui.keyword.builtin.ClickKeyword$_click_closure1.call(ClickKeyword.groovy)
	at com.kms.katalon.core.webui.keyword.internal.WebUIKeywordMain.runKeyword(WebUIKeywordMain.groovy:20)
	... 19 more]]></system-err>
   </testsuite>
</testsuites>
